-3.000000000000000000e+00 2.718669648375781072e-04 2.718669648375781072e-04 2.718669648375781072e-04
-2.987975951903807825e+00 2.753276477806350288e-04 2.753276477806350288e-04 2.753276477806350288e-04
-2.975951903807615206e+00 2.788648563167513725e-04 2.788648563167513725e-04 2.788648563167513725e-04
-2.963927855711423032e+00 2.824811275533672906e-04 2.824811275533672906e-04 2.824811275533672906e-04
-2.951903807615230413e+00 2.861791135821875045e-04 2.861791135821875045e-04 2.861791135821875045e-04
-2.939879759519038238e+00 2.899615881744264652e-04 2.899615881744264652e-04 2.899615881744264652e-04
-2.927855711422845619e+00 2.938314539558960258e-04 2.938314539558960258e-04 2.938314539558960258e-04
-2.915831663326653445e+00 2.977917501029870434e-04 2.977917501029870434e-04 2.977917501029870434e-04
-2.903807615230460826e+00 3.018456606047035021e-04 3.018456606047035021e-04 3.018456606047035021e-04
-2.891783567134268651e+00 3.059965231404663329e-04 3.059965231404663329e-04 3.059965231404663329e-04
-2.879759519038076032e+00 3.102478386285180694e-04 3.102478386285180694e-04 3.102478386285180694e-04
-2.867735470941883857e+00 3.146032815054450359e-04 3.146032815054450359e-04 3.146032815054450359e-04
-2.855711422845691239e+00 3.190667108037318028e-04 3.190667108037318028e-04 3.190667108037318028e-04
-2.843687374749499064e+00 3.236421821013966407e-04 3.236421821013966407e-04 3.236421821013966407e-04
-2.831663326653306445e+00 3.283339604258131948e-04 3.283339604258131948e-04 3.283339604258131948e-04
-2.819639278557114270e+00 3.331465342028308812e-04 3.331465342028308812e-04 3.331465342028308812e-04
-2.807615230460921651e+00 3.380846303525040781e-04 3.380846303525040781e-04 3.380846303525040781e-04
-2.795591182364729477e+00 3.431532306442065458e-04 3.431532306442065458e-04 3.431532306442065458e-04
-2.783567134268537302e+00 3.483575894368937565e-04 3.483575894368937565e-04 3.483575894368937565e-04
-2.771543086172344683e+00 3.537032529449642073e-04 3.537032529449642073e-04 3.537032529449642073e-04
-2.759519038076152508e+00 3.591960801868434336e-04 3.591960801868434336e-04 3.591960801868434336e-04
-2.747494989979959890e+00 3.648422657923580540e-04 3.648422657923580540e-04 3.648422657923580540e-04
-2.735470941883767715e+00 3.706483648665424217e-04 3.706483648665424217e-04 3.706483648665424217e-04
-2.723446893787575096e+00 3.766213201321347748e-04 3.766213201321347748e-04 3.766213201321347748e-04
-2.711422845691382921e+00 3.827684916011685375e-04 3.827684916011685375e-04 3.827684916011685375e-04
-2.699398797595190302e+00 3.890976890583210676e-04 3.890976890583210676e-04 3.890976890583210676e-04
-2.687374749498998128e+00 3.956172076757124732e-04 3.956172076757124732e-04 3.956172076757124732e-04
-2.675350701402805509e+00 4.023358671214924778e-04 4.023358671214924778e-04 4.023358671214924778e-04
-2.663326653306613334e+00 4.092630545737280115e-04 4.092630545737280115e-04 4.092630545737280115e-04
-2.651302605210420715e+00 4.164087721080089320e-04 4.164087721080089320e-04 4.164087721080089320e-04
-2.639278557114228541e+00 4.237836889931321377e-04 4.237836889931321377e-04 4.237836889931321377e-04
-2.627254509018035922e+00 4.313991995059256765e-04 4.313991995059256765e-04 4.313991995059256765e-04
-2.615230460921843747e+00 4.392674869656454004e-04 4.392674869656454004e-04 4.392674869656454004e-04
-2.603206412825651128e+00 4.474015947928804159e-04 4.474015947928804159e-04 4.474015947928804159e-04
-2.591182364729458953e+00 4.558155055203853031e-04 4.558155055203853031e-04 4.558155055203853031e-04
-2.579158316633266779e+00 4.645242288273290060e-04 4.645242288273290060e-04 4.645242288273290060e-04
-2.567134268537074160e+00 4.735438998383536668e-04 4.735438998383536668e-04 4.735438998383536668e-04
-2.555110220440881541e+00 4.828918891299549326e-04 4.828918891299549326e-04 4.828918891299549326e-04
-2.543086172344689366e+00 4.925869261255025030e-04 4.925869261255025030e-04 4.925869261255025030e-04
-2.531062124248497192e+00 5.026492378448248676e-04 5.026492378448248676e-04 5.026492378448248676e-04
-2.519038076152304573e+00 5.131007053146997149e-04 5.131007053146997149e-04 5.131007053146997149e-04
-2.507014028056112398e+00 5.239650403553628658e-04 5.239650403553628658e-04 5.239650403553628658e-04
-2.494989979959919779e+00 5.352679859509586495e-04 5.352679859509586495e-04 5.352679859509586495e-04
-2.482965931863727604e+00 5.470375440084564471e-04 5.470375440084564471e-04 5.470375440084564471e-04
-2.470941883767534986e+00 5.593042350350948448e-04 5.593042350350948448e-04 5.593042350350948448e-04
-2.458917835671342811e+00 5.721013951506605548e-04 5.721013951506605548e-04 5.721013951506605548e-04
-2.446893787575150192e+00 5.854655169388877116e-04 5.854655169388877116e-04 5.854655169388877116e-04
-2.434869739478958017e+00 5.994366419845166116e-04 5.994366419845166116e-04 5.994366419845166116e-04
-2.422845691382765398e+00 6.140588146074730646e-04 6.140588146074730646e-04 6.140588146074730646e-04
-2.410821643286573224e+00 6.293806083823123235e-04 6.293806083823123235e-04 6.293806083823123235e-04
-2.398797595190380605e+00 6.454557396367703072e-04 6.454557396367703072e-04 6.454557396367703072e-04
-2.386773547094188430e+00 6.623437854131053459e-04 6.623437854131053459e-04 6.623437854131053459e-04
-2.374749498997996255e+00 6.801110275570651986e-04 6.801110275570651986e-04 6.801110275570651986e-04
-2.362725450901803637e+00 6.988314499503527110e-04 6.988314499503527110e-04 6.988314499503527110e-04
-2.350701402805611018e+00 7.185879228016386205e-04 7.185879228016386205e-04 7.185879228016386205e-04
-2.338677354709418843e+00 7.394736168764465571e-04 7.394736168764465571e-04 7.394736168764465571e-04
-2.326653306613226668e+00 7.615937022941993281e-04 7.615937022941993281e-04 7.615937022941993281e-04
-2.314629258517034049e+00 7.850674020528509425e-04 7.850674020528509425e-04 7.850674020528509425e-04
-2.302605210420841431e+00 8.100304911734458775e-04 8.100304911734458775e-04 8.100304911734458775e-04
-2.290581162324649256e+00 8.366383603131377330e-04 8.366383603131377330e-04 8.366383603131377330e-04
-2.278557114228457081e+00 8.650698008086252439e-04 8.650698008086252439e-04 8.650698008086252439e-04
-2.266533066132264462e+00 8.955317206898188867e-04 8.955317206898188867e-04 8.955317206898188867e-04
-2.254509018036072288e+00 9.282650746657928123e-04 9.282650746657928123e-04 9.282650746657928123e-04
-2.242484969939879669e+00 9.635523951543419801e-04 9.635523951543419801e-04 9.635523951543419801e-04
-2.230460921843687494e+00 1.001727461084727473e-03 1.001727461084727473e-03 1.001727461084727473e-03
-2.218436873747494875e+00 1.043187859976477073e-03 1.043187859976477073e-03 1.043187859976477073e-03
-2.206412825651302700e+00 1.088411524396172385e-03 1.088411524396172385e-03 1.088411524396172385e-03
-2.194388777555110082e+00 1.137978818152408662e-03 1.137978818152408662e-03 1.137978818152408662e-03
-2.182364729458917907e+00 1.192602514451924492e-03 1.192602514451924492e-03 1.192602514451924492e-03
-2.170340681362725732e+00 1.253169227351766044e-03 1.253169227351766044e-03 1.253169227351766044e-03
-2.158316633266533113e+00 1.320797849405198595e-03 1.320797849405198595e-03 1.320797849405198595e-03
-2.146292585170340494e+00 1.396923903290614834e-03 1.396923903290614834e-03 1.396923903290614834e-03
-2.134268537074148320e+00 1.483424567448349708e-03 1.483424567448349708e-03 1.483424567448349708e-03
-2.122244488977956145e+00 1.582809761566368687e-03 1.582809761566368687e-03 1.582809761566368687e-03
-2.110220440881763526e+00 1.698524888872078456e-03 1.698524888872078456e-03 1.698524888872078456e-03
-2.098196392785570907e+00 1.835451434700770918e-03 1.835451434700770918e-03 1.835451434700770918e-03
-2.086172344689378733e+00 2.000778690456843541e-03 2.000778690456843541e-03 2.000778690456843541e-03
-2.074148296593186558e+00 2.205622043007518952e-03 2.205622043007518952e-03 2.205622043007518952e-03
-2.062124248496993939e+00 2.468281728707945669e-03 2.468281728707945669e-03 2.468281728707945669e-03
-2.050100200400801764e+00 2.821547530939090206e-03 2.821547530939090206e-03 2.821547530939090206e-03
-2.038076152304609145e+00 3.331697623278573935e-03 3.331697623278573935e-03 3.331697623278573935e-03
-2.026052104208416971e+00 4.160241328658738531e-03 4.160241328658738531e-03 4.160241328658738531e-03
-2.014028056112224352e+00 5.857324234169288685e-03 5.857324234169288685e-03 5.857324234169288685e-03
-2.002004008016032177e+00 1.231032893849835080e-02 1.231032893849835080e-02 1.231032893849835080e-02
-1.989979959919839780e+00 3.195413540693340521e-02 3.195413540693340521e-02 3.195413540693340521e-02
-1.977955911823647384e+00 4.663577518820008483e-02 4.663577518820008483e-02 4.663577518820008483e-02
-1.965931863727454987e+00 5.786489437992460572e-02 5.786489437992460572e-02 5.786489437992460572e-02
-1.953907815631262590e+00 6.724950536432192094e-02 6.724950536432192094e-02 6.724950536432192094e-02
-1.941883767535070193e+00 7.545309245708486934e-02 7.545309245708486934e-02 7.545309245708486934e-02
-1.929859719438877796e+00 8.281797005141847134e-02 8.281797005141847134e-02 8.281797005141847134e-02
-1.917835671342685400e+00 8.954715668265873785e-02 8.954715668265873785e-02 8.954715668265873785e-02
-1.905811623246493003e+00 9.577254298331140669e-02 9.577254298331140669e-02 9.577254298331140669e-02
-1.893787575150300606e+00 1.015855222000391356e-01 1.015855222000391356e-01 1.015855222000391356e-01
-1.881763527054108209e+00 1.070525131067898289e-01 1.070525131067898289e-01 1.070525131067898289e-01
-1.869739478957915813e+00 1.122236767854209172e-01 1.122236767854209172e-01 1.122236767854209172e-01
-1.857715430861723416e+00 1.171376794455557951e-01 1.171376794455557951e-01 1.171376794455557951e-01
-1.845691382765531019e+00 1.218252173658877224e-01 1.218252173658877224e-01 1.218252173658877224e-01
-1.833667334669338622e+00 1.263120739588112496e-01 1.263120739588112496e-01 1.263120739588112496e-01
-1.821643286573146225e+00 1.306170057697273734e-01 1.306170057697273734e-01 1.306170057697273734e-01
-1.809619238476953829e+00 1.347574323060148072e-01 1.347574323060148072e-01 1.347574323060148072e-01
-1.797595190380761432e+00 1.387520973465456997e-01 1.387520973465456997e-01 1.387520973465456997e-01
-1.785571142284569257e+00 1.426116759277873680e-01 1.426116759277873680e-01 1.426116759277873680e-01
-1.773547094188376860e+00 1.463374114754089628e-01 1.463374114754089628e-01 1.463374114754089628e-01
-1.761523046092184464e+00 1.499471213077349652e-01 1.499471213077349652e-01 1.499471213077349652e-01
-1.749498997995992067e+00 1.534513778376434823e-01 1.534513778376434823e-01 1.534513778376434823e-01
-1.737474949899799670e+00 1.568608054851773903e-01 1.568608054851773903e-01 1.568608054851773903e-01
-1.725450901803607273e+00 1.601858038840562326e-01 1.601858038840562326e-01 1.601858038840562326e-01
-1.713426853707414876e+00 1.634048439438736400e-01 1.634048439438736400e-01 1.634048439438736400e-01
-1.701402805611222480e+00 1.665060332587509906e-01 1.665060332587509906e-01 1.665060332587509906e-01
-1.689378757515030083e+00 1.696083946091585248e-01 1.696083946091585248e-01 1.696083946091585248e-01
-1.677354709418837686e+00 1.725553472714566605e-01 1.725553472714566605e-01 1.725553472714566605e-01
-1.665330661322645289e+00 1.755044761876733972e-01 1.755044761876733972e-01 1.755044761876733972e-01
-1.653306613226452892e+00 1.782852153121319561e-01 1.782852153121319561e-01 1.782852153121319561e-01
-1.641282565130260496e+00 1.811620451650056973e-01 1.811620451650056973e-01 1.811620451650056973e-01
-1.629258517034068099e+00 1.838052458486752194e-01 1.838052458486752194e-01 1.838052458486752194e-01
-1.617234468937875702e+00 1.864134864620092535e-01 1.864134864620092535e-01 1.864134864620092535e-01
-1.605210420841683305e+00 1.891123965188671874e-01 1.891123965188671874e-01 1.891123965188671874e-01
-1.593186372745490909e+00 1.917299974320124389e-01 1.917299974320124389e-01 1.917299974320124389e-01
-1.581162324649298512e+00 1.941995477297726036e-01 1.941995477297726036e-01 1.941995477297726036e-01
-1.569138276553106337e+00 1.965777947233182943e-01 1.965777947233182943e-01 1.965777947233182943e-01
-1.557114228456913940e+00 1.989173404209550189e-01 1.989173404209550189e-01 1.989173404209550189e-01
-1.545090180360721543e+00 2.012347512027691243e-01 2.012347512027691243e-01 2.012347512027691243e-01
-1.533066132264529147e+00 2.035332043702460236e-01 2.035332043702460236e-01 2.035332043702460236e-01
-1.521042084168336750e+00 2.058225601603631549e-01 2.058225601603631549e-01 2.058225601603631549e-01
-1.509018036072144353e+00 2.081210066603854103e-01 2.081210066603854103e-01 2.081210066603854103e-01
-1.496993987975951956e+00 2.104287132896944523e-01 2.104287132896944523e-01 2.104287132896944523e-01
-1.484969939879759560e+00 2.126737864356951502e-01 2.126737864356951502e-01 2.126737864356951502e-01
-1.472945891783567163e+00 2.147035547042993320e-01 2.147035547042993320e-01 2.147035547042993320e-01
-1.460921843687374766e+00 2.164728225257726846e-01 2.164728225257726846e-01 2.164728225257726846e-01
-1.448897795591182369e+00 2.183242371532493897e-01 2.183242371532493897e-01 2.183242371532493897e-01
-1.436873747494989972e+00 2.206563136028855121e-01 2.206563136028855121e-01 2.206563136028855121e-01
-1.424849699398797576e+00 2.229340501743985459e-01 2.229340501743985459e-01 2.229340501743985459e-01
-1.412825651302605179e+00 2.243649438569365884e-01 2.243649438569365884e-01 2.243649438569365884e-01
-1.400801603206412782e+00 2.260949856407334091e-01 2.260949856407334091e-01 2.260949856407334091e-01
-1.388777555110220385e+00 2.286755051907169156e-01 2.286755051907169156e-01 2.286755051907169156e-01
-1.376753507014027988e+00 2.299634035961502232e-01 2.299634035961502232e-01 2.299634035961502232e-01
-1.364729458917835592e+00 2.316440006749567182e-01 2.316440006749567182e-01 2.316440006749567182e-01
-1.352705410821643195e+00 2.341610391970653793e-01 2.341610391970653793e-01 2.341610391970653793e-01
-1.340681362725451020e+00 2.348643431590723696e-01 2.348643431590723696e-01 2.348643431590723696e-01
-1.328657314629258623e+00 2.375931222734158077e-01 2.375931222734158077e-01 2.375931222734158077e-01
-1.316633266533066227e+00 2.384656675900790612e-01 2.384656675900790612e-01 2.384656675900790612e-01
-1.304609218436873830e+00 2.407084271751000482e-01 2.407084271751000482e-01 2.407084271751000482e-01
-1.292585170340681433e+00 2.419268204608946982e-01 2.419268204608946982e-01 2.419268204608946982e-01
-1.280561122244489036e+00 2.438960428406245773e-01 2.438960428406245773e-01 2.438960428406245773e-01
-1.268537074148296639e+00 2.450312632355519937e-01 2.450312632355519937e-01 2.450312632355519937e-01
-1.256513026052104243e+00 2.472704582679912666e-01 2.472704582679912666e-01 2.472704582679912666e-01
-1.244488977955911846e+00 2.477621648762116657e-01 2.477621648762116657e-01 2.477621648762116657e-01
-1.232464929859719449e+00 2.507210779065205952e-01 2.507210779065205952e-01 2.507210779065205952e-01
-1.220440881763527052e+00 2.504788047459459710e-01 2.504788047459459710e-01 2.504788047459459710e-01
-1.208416833667334656e+00 2.535690970197980731e-01 2.535690970197980731e-01 2.535690970197980731e-01
-1.196392785571142259e+00 2.540733394248123056e-01 2.540733394248123056e-01 2.540733394248123056e-01
-1.184368737474949862e+00 2.551816312651536967e-01 2.551816312651536967e-01 2.551816312651536967e-01
-1.172344689378757465e+00 2.581450781461160360e-01 2.581450781461160360e-01 2.581450781461160360e-01
-1.160320641282565068e+00 2.575990129831182696e-01 2.575990129831182696e-01 2.575990129831182696e-01
-1.148296593186372672e+00 2.597279132510045274e-01 2.597279132510045274e-01 2.597279132510045274e-01
-1.136272545090180275e+00 2.622425658468284237e-01 2.622425658468284237e-01 2.622425658468284237e-01
-1.124248496993988100e+00 2.615049525882776615e-01 2.615049525882776615e-01 2.615049525882776615e-01
-1.112224448897795703e+00 2.633544454295718706e-01 2.633544454295718706e-01 2.633544454295718706e-01
-1.100200400801603307e+00 2.663600018131195291e-01 2.663600018131195291e-01 2.663600018131195291e-01
-1.088176352705410910e+00 2.659708983868446786e-01 2.659708983868446786e-01 2.659708983868446786e-01
-1.076152304609218513e+00 2.661975787337436672e-01 2.661975787337436672e-01 2.661975787337436672e-01
-1.064128256513026116e+00 2.694103438707928788e-01 2.694103438707928788e-01 2.694103438707928788e-01
-1.052104208416833719e+00 2.712166910730416380e-01 2.712166910730416380e-01 2.712166910730416380e-01
-1.040080160320641323e+00 2.703269719813482519e-01 2.703269719813482519e-01 2.703269719813482519e-01
-1.028056112224448926e+00 2.707886846926412794e-01 2.707886846926412794e-01 2.707886846926412794e-01
-1.016032064128256529e+00 2.738395613004340756e-01 2.738395613004340756e-01 2.738395613004340756e-01
-1.004008016032064132e+00 2.761935615797396770e-01 2.761935615797396770e-01 2.761935615797396770e-01
-9.919839679358717355e-01 2.758922395730548649e-01 2.758922395730548649e-01 2.758922395730548649e-01
-9.799599198396795607e-01 2.751059348164775487e-01 2.751059348164775487e-01 2.751059348164775487e-01
-9.679358717434869419e-01 2.763847805171538718e-01 2.763847805171538718e-01 2.763847805171538718e-01
-9.559118236472947672e-01 2.793739774510848317e-01 2.793739774510848317e-01 2.793739774510848317e-01
-9.438877755511021483e-01 2.817468403434699731e-01 2.817468403434699731e-01 2.817468403434699731e-01
-9.318637274549099736e-01 2.820814356421840197e-01 2.820814356421840197e-01 2.820814356421840197e-01
-9.198396793587173548e-01 2.811865562239238558e-01 2.811865562239238558e-01 2.811865562239238558e-01
-9.078156312625251800e-01 2.808541013578972900e-01 2.808541013578972900e-01 2.808541013578972900e-01
-8.957915831663325612e-01 2.820968190296606060e-01 2.820968190296606060e-01 2.820968190296606060e-01
-8.837675350701403865e-01 2.845860412266850159e-01 2.845860412266850159e-01 2.845860412266850159e-01
-8.717434869739477676e-01 2.871900548949952725e-01 2.871900548949952725e-01 2.871900548949952725e-01
-8.597194388777555929e-01 2.888687778701496400e-01 2.888687778701496400e-01 2.888687778701496400e-01
-8.476953907815629741e-01 2.892828309404109621e-01 2.892828309404109621e-01 2.892828309404109621e-01
-8.356713426853707993e-01 2.888153160000112574e-01 2.888153160000112574e-01 2.888153160000112574e-01
-8.236472945891781805e-01 2.881745286747136037e-01 2.881745286747136037e-01 2.881745286747136037e-01
-8.116232464929860058e-01 2.879704668485114638e-01 2.879704668485114638e-01 2.879704668485114638e-01
-7.995991983967938310e-01 2.885025867599776417e-01 2.885025867599776417e-01 2.885025867599776417e-01
-7.875751503006012122e-01 2.897574906424946195e-01 2.897574906424946195e-01 2.897574906424946195e-01
-7.755511022044090375e-01 2.915157330977563577e-01 2.915157330977563577e-01 2.915157330977563577e-01
-7.635270541082164186e-01 2.934802545252365724e-01 2.934802545252365724e-01 2.934802545252365724e-01
-7.515030060120242439e-01 2.953787128077219881e-01 2.953787128077219881e-01 2.953787128077219881e-01
-7.394789579158316251e-01 2.970220484479494383e-01 2.970220484479494383e-01 2.970220484479494383e-01
-7.274549098196394503e-01 2.983204990247516064e-01 2.983204990247516064e-01 2.983204990247516064e-01
-7.154308617234468315e-01 2.992692499059022571e-01 2.992692499059022571e-01 2.992692499059022571e-01
-7.034068136272546568e-01 2.999196168506240712e-01 2.999196168506240712e-01 2.999196168506240712e-01
-6.913827655310620379e-01 3.003492005818387267e-01 3.003492005818387267e-01 3.003492005818387267e-01
-6.793587174348698632e-01 3.006388476320436820e-01 3.006388476320436820e-01 3.006388476320436820e-01
-6.673346693386772444e-01 3.008587824015073742e-01 3.008587824015073742e-01 3.008587824015073742e-01
-6.553106212424850696e-01 3.010627650250303211e-01 3.010627650250303211e-01 3.010627650250303211e-01
-6.432865731462924508e-01 3.012877393292289763e-01 3.012877393292289763e-01 3.012877393292289763e-01
-6.312625250501002760e-01 3.015564576551862386e-01 3.015564576551862386e-01 3.015564576551862386e-01
-6.192384769539076572e-01 3.018812086204757938e-01 3.018812086204757938e-01 3.018812086204757938e-01
-6.072144288577154825e-01 3.022675003380666525e-01 3.022675003380666525e-01 3.022675003380666525e-01
-5.951903807615228637e-01 3.027171251260440954e-01 3.027171251260440954e-01 3.027171251260440954e-01
-5.831663326653306889e-01 3.032303994593245067e-01 3.032303994593245067e-01 3.032303994593245067e-01
-5.711422845691385142e-01 3.038075676819995130e-01 3.038075676819995130e-01 3.038075676819995130e-01
-5.591182364729458953e-01 3.044494360599850902e-01 3.044494360599850902e-01 3.044494360599850902e-01
-5.470941883767537206e-01 3.051573168588663232e-01 3.051573168588663232e-01 3.051573168588663232e-01
-5.350701402805611018e-01 3.059323496646157992e-01 3.059323496646157992e-01 3.059323496646157992e-01
-5.230460921843689270e-01 3.067742569663923780e-01 3.067742569663923780e-01 3.067742569663923780e-01
-5.110220440881763082e-01 3.076796025610587515e-01 3.076796025610587515e-01 3.076796025610587515e-01
-4.989979959919841335e-01 3.086396682124278867e-01 3.086396682124278867e-01 3.086396682124278867e-01
-4.869739478957915146e-01 3.096381543582226170e-01 3.096381543582226170e-01 3.096381543582226170e-01
-4.749498997995993399e-01 3.106490448011393068e-01 3.106490448011393068e-01 3.106490448011393068e-01
-4.629258517034067211e-01 3.116351400223614232e-01 3.116351400223614232e-01 3.116351400223614232e-01
-4.509018036072145463e-01 3.125479239939665810e-01 3.125479239939665810e-01 3.125479239939665810e-01
-4.388777555110219275e-01 3.133295206273352673e-01 3.133295206273352673e-01 3.133295206273352673e-01
-4.268537074148297528e-01 3.139174246159596171e-01 3.139174246159596171e-01 3.139174246159596171e-01
-4.148296593186371339e-01 3.142523544691822601e-01 3.142523544691822601e-01 3.142523544691822601e-01
-4.028056112224449592e-01 3.142889098520298408e-01 3.142889098520298408e-01 3.142889098520298408e-01
-3.907815631262523404e-01 3.140077701831138768e-01 3.140077701831138768e-01 3.140077701831138768e-01
-3.787575150300601656e-01 3.134271681090026185e-01 3.134271681090026185e-01 3.134271681090026185e-01
-3.667334669338675468e-01 3.126106864475834968e-01 3.126106864475834968e-01 3.126106864475834968e-01
-3.547094188376753721e-01 3.116684506102891383e-01 3.116684506102891383e-01 3.116684506102891383e-01
-3.426853707414831973e-01 3.107496959066867737e-01 3.107496959066867737e-01 3.107496959066867737e-01
-3.306613226452905785e-01 3.100262762998794441e-01 3.100262762998794441e-01 3.100262762998794441e-01
-3.186372745490984038e-01 3.096684323204438871e-01 3.096684323204438871e-01 3.096684323204438871e-01
-3.066132264529057849e-01 3.098155461184611270e-01 3.098155461184611270e-01 3.098155461184611270e-01
-2.945891783567136102e-01 3.105455585233636850e-01 3.105455585233636850e-01 3.105455585233636850e-01
-2.825651302605209914e-01 3.118475802839209554e-01 3.118475802839209554e-01 3.118475802839209554e-01
-2.705410821643288166e-01 3.136035351203919075e-01 3.136035351203919075e-01 3.136035351203919075e-01
-2.585170340681361978e-01 3.155863983907368775e-01 3.155863983907368775e-01 3.155863983907368775e-01
-2.464929859719440230e-01 3.174833608715296185e-01 3.174833608715296185e-01 3.174833608715296185e-01
-2.344689378757514042e-01 3.189492236838791794e-01 3.189492236838791794e-01 3.189492236838791794e-01
-2.224448897795592295e-01 3.196859244060932248e-01 3.196859244060932248e-01 3.196859244060932248e-01
-2.104208416833666107e-01 3.195295830303610529e-01 3.195295830303610529e-01 3.195295830303610529e-01
-1.983967935871744359e-01 3.185146482287021796e-01 3.185146482287021796e-01 3.185146482287021796e-01
-1.863727454909818171e-01 3.168863491146491351e-01 3.168863491146491351e-01 3.168863491146491351e-01
-1.743486973947896423e-01 3.150511586091797045e-01 3.150511586091797045e-01 3.150511586091797045e-01
-1.623246492985970235e-01 3.134800814298510652e-01 3.134800814298510652e-01 3.134800814298510652e-01
-1.503006012024048488e-01 3.125950550229166791e-01 3.125950550229166791e-01 3.125950550229166791e-01
-1.382765531062126740e-01 3.126675685938254956e-01 3.126675685938254956e-01 3.126675685938254956e-01
-1.262525050100200552e-01 3.137480604473966150e-01 3.137480604473966150e-01 3.137480604473966150e-01
-1.142284569138278805e-01 3.156368970490021075e-01 3.156368970490021075e-01 3.156368970490021075e-01
-1.022044088176352616e-01 3.179075221457959288e-01 3.179075221457959288e-01 3.179075221457959288e-01
-9.018036072144308690e-02 3.199926078653694272e-01 3.199926078653694272e-01 3.199926078653694272e-01
-7.815631262525046807e-02 3.213312783153788876e-01 3.213312783153788876e-01 3.213312783153788876e-01
-6.613226452905829333e-02 3.215441067205914161e-01 3.215441067205914161e-01 3.215441067205914161e-01
-5.410821643286567451e-02 3.205698150977371319e-01 3.205698150977371319e-01 3.205698150977371319e-01
-4.208416833667349977e-02 3.186974273366434129e-01 3.186974273366434129e-01 3.186974273366434129e-01
-3.006012024048088094e-02 3.164744822336002517e-01 3.164744822336002517e-01 3.164744822336002517e-01
-1.803607214428870620e-02 3.145340721396654993e-01 3.145340721396654993e-01 3.145340721396654993e-01
-6.012024048096087370e-03 3.134124715891898338e-01 3.134124715891898338e-01 3.134124715891898338e-01
6.012024048096087370e-03 3.134124715891900559e-01 3.134124715891900559e-01 3.134124715891900559e-01
1.803607214428870620e-02 3.145340721396654993e-01 3.145340721396654993e-01 3.145340721396654993e-01
3.006012024048088094e-02 3.164744822336002517e-01 3.164744822336002517e-01 3.164744822336002517e-01
4.208416833667349977e-02 3.186974273366433574e-01 3.186974273366433574e-01 3.186974273366433574e-01
5.410821643286567451e-02 3.205698150977372429e-01 3.205698150977372429e-01 3.205698150977372429e-01
6.613226452905829333e-02 3.215441067205914161e-01 3.215441067205914161e-01 3.215441067205914161e-01
7.815631262525046807e-02 3.213312783153788876e-01 3.213312783153788876e-01 3.213312783153788876e-01
9.018036072144264281e-02 3.199926078653679284e-01 3.199926078653679284e-01 3.199926078653679284e-01
1.022044088176352616e-01 3.179075221457958733e-01 3.179075221457958733e-01 3.179075221457958733e-01
1.142284569138274364e-01 3.156368970490002202e-01 3.156368970490002202e-01 3.156368970490002202e-01
1.262525050100200552e-01 3.137480604473967261e-01 3.137480604473967261e-01 3.137480604473967261e-01
1.382765531062122299e-01 3.126675685938249405e-01 3.126675685938249405e-01 3.126675685938249405e-01
1.503006012024048488e-01 3.125950550229166236e-01 3.125950550229166236e-01 3.125950550229166236e-01
1.623246492985970235e-01 3.134800814298512872e-01 3.134800814298512872e-01 3.134800814298512872e-01
1.743486973947896423e-01 3.150511586091797045e-01 3.150511586091797045e-01 3.150511586091797045e-01
1.863727454909818171e-01 3.168863491146491351e-01 3.168863491146491351e-01 3.168863491146491351e-01
1.983967935871744359e-01 3.185146482287024017e-01 3.185146482287024017e-01 3.185146482287024017e-01
2.104208416833666107e-01 3.195295830303607754e-01 3.195295830303607754e-01 3.195295830303607754e-01
2.224448897795592295e-01 3.196859244060932248e-01 3.196859244060932248e-01 3.196859244060932248e-01
2.344689378757514042e-01 3.189492236838791794e-01 3.189492236838791794e-01 3.189492236838791794e-01
2.464929859719440230e-01 3.174833608715297295e-01 3.174833608715297295e-01 3.174833608715297295e-01
2.585170340681361978e-01 3.155863983907368775e-01 3.155863983907368775e-01 3.155863983907368775e-01
2.705410821643288166e-01 3.136035351203921295e-01 3.136035351203921295e-01 3.136035351203921295e-01
2.825651302605209914e-01 3.118475802839210109e-01 3.118475802839210109e-01 3.118475802839210109e-01
2.945891783567136102e-01 3.105455585233637961e-01 3.105455585233637961e-01 3.105455585233637961e-01
3.066132264529057849e-01 3.098155461184612380e-01 3.098155461184612380e-01 3.098155461184612380e-01
3.186372745490979597e-01 3.096684323204443867e-01 3.096684323204443867e-01 3.096684323204443867e-01
3.306613226452905785e-01 3.100262762998795552e-01 3.100262762998795552e-01 3.100262762998795552e-01
3.426853707414827532e-01 3.107496959066882725e-01 3.107496959066882725e-01 3.107496959066882725e-01
3.547094188376753721e-01 3.116684506102891383e-01 3.116684506102891383e-01 3.116684506102891383e-01
3.667334669338675468e-01 3.126106864475836078e-01 3.126106864475836078e-01 3.126106864475836078e-01
3.787575150300601656e-01 3.134271681090026185e-01 3.134271681090026185e-01 3.134271681090026185e-01
3.907815631262523404e-01 3.140077701831136547e-01 3.140077701831136547e-01 3.140077701831136547e-01
4.028056112224449592e-01 3.142889098520296742e-01 3.142889098520296742e-01 3.142889098520296742e-01
4.148296593186371339e-01 3.142523544691822046e-01 3.142523544691822046e-01 3.142523544691822046e-01
4.268537074148297528e-01 3.139174246159596171e-01 3.139174246159596171e-01 3.139174246159596171e-01
4.388777555110219275e-01 3.133295206273350453e-01 3.133295206273350453e-01 3.133295206273350453e-01
4.509018036072145463e-01 3.125479239939666920e-01 3.125479239939666920e-01 3.125479239939666920e-01
4.629258517034067211e-01 3.116351400223613122e-01 3.116351400223613122e-01 3.116351400223613122e-01
4.749498997995993399e-01 3.106490448011394734e-01 3.106490448011394734e-01 3.106490448011394734e-01
4.869739478957915146e-01 3.096381543582226170e-01 3.096381543582226170e-01 3.096381543582226170e-01
4.989979959919841335e-01 3.086396682124277757e-01 3.086396682124277757e-01 3.086396682124277757e-01
5.110220440881763082e-01 3.076796025610586405e-01 3.076796025610586405e-01 3.076796025610586405e-01
5.230460921843684829e-01 3.067742569663908792e-01 3.067742569663908792e-01 3.067742569663908792e-01
5.350701402805611018e-01 3.059323496646157436e-01 3.059323496646157436e-01 3.059323496646157436e-01
5.470941883767532765e-01 3.051573168588647134e-01 3.051573168588647134e-01 3.051573168588647134e-01
5.591182364729458953e-01 3.044494360599852012e-01 3.044494360599852012e-01 3.044494360599852012e-01
5.711422845691380701e-01 3.038075676819980697e-01 3.038075676819980697e-01 3.038075676819980697e-01
5.831663326653306889e-01 3.032303994593245067e-01 3.032303994593245067e-01 3.032303994593245067e-01
5.951903807615228637e-01 3.027171251260441509e-01 3.027171251260441509e-01 3.027171251260441509e-01
6.072144288577154825e-01 3.022675003380665415e-01 3.022675003380665415e-01 3.022675003380665415e-01
6.192384769539076572e-01 3.018812086204755718e-01 3.018812086204755718e-01 3.018812086204755718e-01
6.312625250501002760e-01 3.015564576551861831e-01 3.015564576551861831e-01 3.015564576551861831e-01
6.432865731462924508e-01 3.012877393292291428e-01 3.012877393292291428e-01 3.012877393292291428e-01
6.553106212424850696e-01 3.010627650250302656e-01 3.010627650250302656e-01 3.010627650250302656e-01
6.673346693386772444e-01 3.008587824015073742e-01 3.008587824015073742e-01 3.008587824015073742e-01
6.793587174348698632e-01 3.006388476320436265e-01 3.006388476320436265e-01 3.006388476320436265e-01
6.913827655310620379e-01 3.003492005818386712e-01 3.003492005818386712e-01 3.003492005818386712e-01
7.034068136272546568e-01 2.999196168506240712e-01 2.999196168506240712e-01 2.999196168506240712e-01
7.154308617234468315e-01 2.992692499059024791e-01 2.992692499059024791e-01 2.992692499059024791e-01
7.274549098196394503e-01 2.983204990247516064e-01 2.983204990247516064e-01 2.983204990247516064e-01
7.394789579158316251e-01 2.970220484479494938e-01 2.970220484479494938e-01 2.970220484479494938e-01
7.515030060120237998e-01 2.953787128077234314e-01 2.953787128077234314e-01 2.953787128077234314e-01
7.635270541082164186e-01 2.934802545252365724e-01 2.934802545252365724e-01 2.934802545252365724e-01
7.755511022044085934e-01 2.915157330977574679e-01 2.915157330977574679e-01 2.915157330977574679e-01
7.875751503006012122e-01 2.897574906424947305e-01 2.897574906424947305e-01 2.897574906424947305e-01
7.995991983967933869e-01 2.885025867599779748e-01 2.885025867599779748e-01 2.885025867599779748e-01
8.116232464929860058e-01 2.879704668485115748e-01 2.879704668485115748e-01 2.879704668485115748e-01
8.236472945891781805e-01 2.881745286747137147e-01 2.881745286747137147e-01 2.881745286747137147e-01
8.356713426853707993e-01 2.888153160000112574e-01 2.888153160000112574e-01 2.888153160000112574e-01
8.476953907815629741e-01 2.892828309404107956e-01 2.892828309404107956e-01 2.892828309404107956e-01
8.597194388777555929e-01 2.888687778701495845e-01 2.888687778701495845e-01 2.888687778701495845e-01
8.717434869739477676e-01 2.871900548949954945e-01 2.871900548949954945e-01 2.871900548949954945e-01
8.837675350701403865e-01 2.845860412266852379e-01 2.845860412266852379e-01 2.845860412266852379e-01
8.957915831663325612e-01 2.820968190296606615e-01 2.820968190296606615e-01 2.820968190296606615e-01
9.078156312625251800e-01 2.808541013578971790e-01 2.808541013578971790e-01 2.808541013578971790e-01
9.198396793587173548e-01 2.811865562239238558e-01 2.811865562239238558e-01 2.811865562239238558e-01
9.318637274549099736e-01 2.820814356421841307e-01 2.820814356421841307e-01 2.820814356421841307e-01
9.438877755511021483e-01 2.817468403434700841e-01 2.817468403434700841e-01 2.817468403434700841e-01
9.559118236472947672e-01 2.793739774510846652e-01 2.793739774510846652e-01 2.793739774510846652e-01
9.679358717434869419e-01 2.763847805171538163e-01 2.763847805171538163e-01 2.763847805171538163e-01
9.799599198396791166e-01 2.751059348164771601e-01 2.751059348164771601e-01 2.751059348164771601e-01
9.919839679358717355e-01 2.758922395730547539e-01 2.758922395730547539e-01 2.758922395730547539e-01
1.004008016032064354e+00 2.761935615797396215e-01 2.761935615797396215e-01 2.761935615797396215e-01
1.016032064128256529e+00 2.738395613004338536e-01 2.738395613004338536e-01 2.738395613004338536e-01
1.028056112224448704e+00 2.707886846926415014e-01 2.707886846926415014e-01 2.707886846926415014e-01
1.040080160320640879e+00 2.703269719813474747e-01 2.703269719813474747e-01 2.703269719813474747e-01
1.052104208416833941e+00 2.712166910730418046e-01 2.712166910730418046e-01 2.712166910730418046e-01
1.064128256513026116e+00 2.694103438707928788e-01 2.694103438707928788e-01 2.694103438707928788e-01
1.076152304609218291e+00 2.661975787337439447e-01 2.661975787337439447e-01 2.661975787337439447e-01
1.088176352705410466e+00 2.659708983868440679e-01 2.659708983868440679e-01 2.659708983868440679e-01
1.100200400801603529e+00 2.663600018131195291e-01 2.663600018131195291e-01 2.663600018131195291e-01
1.112224448897795703e+00 2.633544454295719262e-01 2.633544454295719262e-01 2.633544454295719262e-01
1.124248496993987878e+00 2.615049525882774395e-01 2.615049525882774395e-01 2.615049525882774395e-01
1.136272545090180053e+00 2.622425658468283127e-01 2.622425658468283127e-01 2.622425658468283127e-01
1.148296593186373116e+00 2.597279132510040278e-01 2.597279132510040278e-01 2.597279132510040278e-01
1.160320641282565290e+00 2.575990129831184916e-01 2.575990129831184916e-01 2.575990129831184916e-01
1.172344689378757465e+00 2.581450781461159805e-01 2.581450781461159805e-01 2.581450781461159805e-01
1.184368737474949640e+00 2.551816312651538077e-01 2.551816312651538077e-01 2.551816312651538077e-01
1.196392785571141815e+00 2.540733394248119725e-01 2.540733394248119725e-01 2.540733394248119725e-01
1.208416833667334878e+00 2.535690970197978511e-01 2.535690970197978511e-01 2.535690970197978511e-01
1.220440881763527052e+00 2.504788047459461375e-01 2.504788047459461375e-01 2.504788047459461375e-01
1.232464929859719227e+00 2.507210779065203177e-01 2.507210779065203177e-01 2.507210779065203177e-01
1.244488977955911402e+00 2.477621648762119155e-01 2.477621648762119155e-01 2.477621648762119155e-01
1.256513026052104465e+00 2.472704582679913776e-01 2.472704582679913776e-01 2.472704582679913776e-01
1.268537074148296639e+00 2.450312632355519937e-01 2.450312632355519937e-01 2.450312632355519937e-01
1.280561122244488814e+00 2.438960428406243552e-01 2.438960428406243552e-01 2.438960428406243552e-01
1.292585170340680989e+00 2.419268204608951700e-01 2.419268204608951700e-01 2.419268204608951700e-01
1.304609218436874052e+00 2.407084271751001592e-01 2.407084271751001592e-01 2.407084271751001592e-01
1.316633266533066227e+00 2.384656675900789780e-01 2.384656675900789780e-01 2.384656675900789780e-01
1.328657314629258401e+00 2.375931222734155579e-01 2.375931222734155579e-01 2.375931222734155579e-01
1.340681362725450576e+00 2.348643431590726471e-01 2.348643431590726471e-01 2.348643431590726471e-01
1.352705410821643639e+00 2.341610391970650740e-01 2.341610391970650740e-01 2.341610391970650740e-01
1.364729458917835814e+00 2.316440006749567460e-01 2.316440006749567460e-01 2.316440006749567460e-01
1.376753507014027988e+00 2.299634035961502787e-01 2.299634035961502787e-01 2.299634035961502787e-01
1.388777555110220163e+00 2.286755051907169434e-01 2.286755051907169434e-01 2.286755051907169434e-01
1.400801603206412338e+00 2.260949856407331593e-01 2.260949856407331593e-01 2.260949856407331593e-01
1.412825651302605401e+00 2.243649438569362831e-01 2.243649438569362831e-01 2.243649438569362831e-01
1.424849699398797576e+00 2.229340501743986014e-01 2.229340501743986014e-01 2.229340501743986014e-01
1.436873747494989750e+00 2.206563136028854011e-01 2.206563136028854011e-01 2.206563136028854011e-01
1.448897795591181925e+00 2.183242371532494730e-01 2.183242371532494730e-01 2.183242371532494730e-01
1.460921843687374988e+00 2.164728225257726846e-01 2.164728225257726846e-01 2.164728225257726846e-01
1.472945891783567163e+00 2.147035547042996373e-01 2.147035547042996373e-01 2.147035547042996373e-01
1.484969939879759337e+00 2.126737864356951779e-01 2.126737864356951779e-01 2.126737864356951779e-01
1.496993987975951512e+00 2.104287132896944523e-01 2.104287132896944523e-01 2.104287132896944523e-01
1.509018036072144575e+00 2.081210066603854381e-01 2.081210066603854381e-01 2.081210066603854381e-01
1.521042084168336750e+00 2.058225601603631549e-01 2.058225601603631549e-01 2.058225601603631549e-01
1.533066132264528925e+00 2.035332043702460236e-01 2.035332043702460236e-01 2.035332043702460236e-01
1.545090180360721099e+00 2.012347512027690688e-01 2.012347512027690688e-01 2.012347512027690688e-01
1.557114228456914162e+00 1.989173404209551854e-01 1.989173404209551854e-01 1.989173404209551854e-01
1.569138276553106337e+00 1.965777947233183498e-01 1.965777947233183498e-01 1.965777947233183498e-01
1.581162324649298512e+00 1.941995477297725203e-01 1.941995477297725203e-01 1.941995477297725203e-01
1.593186372745490686e+00 1.917299974320127720e-01 1.917299974320127720e-01 1.917299974320127720e-01
1.605210420841683749e+00 1.891123965188669376e-01 1.891123965188669376e-01 1.891123965188669376e-01
1.617234468937875924e+00 1.864134864620091425e-01 1.864134864620091425e-01 1.864134864620091425e-01
1.629258517034068099e+00 1.838052458486752749e-01 1.838052458486752749e-01 1.838052458486752749e-01
1.641282565130260274e+00 1.811620451650057806e-01 1.811620451650057806e-01 1.811620451650057806e-01
1.653306613226452448e+00 1.782852153121320393e-01 1.782852153121320393e-01 1.782852153121320393e-01
1.665330661322645511e+00 1.755044761876734249e-01 1.755044761876734249e-01 1.755044761876734249e-01
1.677354709418837686e+00 1.725553472714568271e-01 1.725553472714568271e-01 1.725553472714568271e-01
1.689378757515029861e+00 1.696083946091586914e-01 1.696083946091586914e-01 1.696083946091586914e-01
1.701402805611222036e+00 1.665060332587509628e-01 1.665060332587509628e-01 1.665060332587509628e-01
1.713426853707415098e+00 1.634048439438736122e-01 1.634048439438736122e-01 1.634048439438736122e-01
1.725450901803607273e+00 1.601858038840563159e-01 1.601858038840563159e-01 1.601858038840563159e-01
1.737474949899799448e+00 1.568608054851775291e-01 1.568608054851775291e-01 1.568608054851775291e-01
1.749498997995991623e+00 1.534513778376436488e-01 1.534513778376436488e-01 1.534513778376436488e-01
1.761523046092184686e+00 1.499471213077348264e-01 1.499471213077348264e-01 1.499471213077348264e-01
1.773547094188376860e+00 1.463374114754090460e-01 1.463374114754090460e-01 1.463374114754090460e-01
1.785571142284569035e+00 1.426116759277874513e-01 1.426116759277874513e-01 1.426116759277874513e-01
1.797595190380761210e+00 1.387520973465457830e-01 1.387520973465457830e-01 1.387520973465457830e-01
1.809619238476954273e+00 1.347574323060146684e-01 1.347574323060146684e-01 1.347574323060146684e-01
1.821643286573146447e+00 1.306170057697273457e-01 1.306170057697273457e-01 1.306170057697273457e-01
1.833667334669338622e+00 1.263120739588112496e-01 1.263120739588112496e-01 1.263120739588112496e-01
1.845691382765530797e+00 1.218252173658878473e-01 1.218252173658878473e-01 1.218252173658878473e-01
1.857715430861722972e+00 1.171376794455558923e-01 1.171376794455558923e-01 1.171376794455558923e-01
1.869739478957916035e+00 1.122236767854207923e-01 1.122236767854207923e-01 1.122236767854207923e-01
1.881763527054108209e+00 1.070525131067897734e-01 1.070525131067897734e-01 1.070525131067897734e-01
1.893787575150300384e+00 1.015855222000392188e-01 1.015855222000392188e-01 1.015855222000392188e-01
1.905811623246492559e+00 9.577254298331160098e-02 9.577254298331160098e-02 9.577254298331160098e-02
1.917835671342685622e+00 8.954715668265861295e-02 8.954715668265861295e-02 8.954715668265861295e-02
1.929859719438877796e+00 8.281797005141842971e-02 8.281797005141842971e-02 8.281797005141842971e-02
1.941883767535069971e+00 7.545309245708503587e-02 7.545309245708503587e-02 7.545309245708503587e-02
1.953907815631262146e+00 6.724950536432226789e-02 6.724950536432226789e-02 6.724950536432226789e-02
1.965931863727455209e+00 5.786489437992441143e-02 5.786489437992441143e-02 5.786489437992441143e-02
1.977955911823647384e+00 4.663577518820012646e-02 4.663577518820012646e-02 4.663577518820012646e-02
1.989979959919839558e+00 3.195413540693371746e-02 3.195413540693371746e-02 3.195413540693371746e-02
2.002004008016031733e+00 1.231032893849888857e-02 1.231032893849888857e-02 1.231032893849888857e-02
2.014028056112224796e+00 5.857324234169191540e-03 5.857324234169191540e-03 5.857324234169191540e-03
2.026052104208416971e+00 4.160241328658737664e-03 4.160241328658737664e-03 4.160241328658737664e-03
2.038076152304609145e+00 3.331697623278573502e-03 3.331697623278573502e-03 3.331697623278573502e-03
2.050100200400801320e+00 2.821547530939105819e-03 2.821547530939105819e-03 2.821547530939105819e-03
2.062124248496993495e+00 2.468281728707956511e-03 2.468281728707956511e-03 2.468281728707956511e-03
2.074148296593186558e+00 2.205622043007518518e-03 2.205622043007518518e-03 2.205622043007518518e-03
2.086172344689378733e+00 2.000778690456843974e-03 2.000778690456843974e-03 2.000778690456843974e-03
2.098196392785570907e+00 1.835451434700771352e-03 1.835451434700771352e-03 1.835451434700771352e-03
2.110220440881763082e+00 1.698524888872082793e-03 1.698524888872082793e-03 1.698524888872082793e-03
2.122244488977956145e+00 1.582809761566368687e-03 1.582809761566368687e-03 1.582809761566368687e-03
2.134268537074148320e+00 1.483424567448349057e-03 1.483424567448349057e-03 1.483424567448349057e-03
2.146292585170340494e+00 1.396923903290615051e-03 1.396923903290615051e-03 1.396923903290615051e-03
2.158316633266532669e+00 1.320797849405201414e-03 1.320797849405201414e-03 1.320797849405201414e-03
2.170340681362725732e+00 1.253169227351766260e-03 1.253169227351766260e-03 1.253169227351766260e-03
2.182364729458917907e+00 1.192602514451924492e-03 1.192602514451924492e-03 1.192602514451924492e-03
2.194388777555110082e+00 1.137978818152408445e-03 1.137978818152408445e-03 1.137978818152408445e-03
2.206412825651302256e+00 1.088411524396174336e-03 1.088411524396174336e-03 1.088411524396174336e-03
2.218436873747495319e+00 1.043187859976474905e-03 1.043187859976474905e-03 1.043187859976474905e-03
2.230460921843687494e+00 1.001727461084727473e-03 1.001727461084727473e-03 1.001727461084727473e-03
2.242484969939879669e+00 9.635523951543416548e-04 9.635523951543416548e-04 9.635523951543416548e-04
2.254509018036071843e+00 9.282650746657942218e-04 9.282650746657942218e-04 9.282650746657942218e-04
2.266533066132264906e+00 8.955317206898176941e-04 8.955317206898176941e-04 8.955317206898176941e-04
2.278557114228457081e+00 8.650698008086252439e-04 8.650698008086252439e-04 8.650698008086252439e-04
2.290581162324649256e+00 8.366383603131375161e-04 8.366383603131375161e-04 8.366383603131375161e-04
2.302605210420841431e+00 8.100304911734455523e-04 8.100304911734455523e-04 8.100304911734455523e-04
2.314629258517033605e+00 7.850674020528519183e-04 7.850674020528519183e-04 7.850674020528519183e-04
2.326653306613226668e+00 7.615937022941990028e-04 7.615937022941990028e-04 7.615937022941990028e-04
2.338677354709418843e+00 7.394736168764465571e-04 7.394736168764465571e-04 7.394736168764465571e-04
2.350701402805611018e+00 7.185879228016384037e-04 7.185879228016384037e-04 7.185879228016384037e-04
2.362725450901803192e+00 6.988314499503535783e-04 6.988314499503535783e-04 6.988314499503535783e-04
2.374749498997996255e+00 6.801110275570651986e-04 6.801110275570651986e-04 6.801110275570651986e-04
2.386773547094188430e+00 6.623437854131053459e-04 6.623437854131053459e-04 6.623437854131053459e-04
2.398797595190380605e+00 6.454557396367704156e-04 6.454557396367704156e-04 6.454557396367704156e-04
2.410821643286572780e+00 6.293806083823128656e-04 6.293806083823128656e-04 6.293806083823128656e-04
2.422845691382765843e+00 6.140588146074727393e-04 6.140588146074727393e-04 6.140588146074727393e-04
2.434869739478958017e+00 5.994366419845167200e-04 5.994366419845167200e-04 5.994366419845167200e-04
2.446893787575150192e+00 5.854655169388877116e-04 5.854655169388877116e-04 5.854655169388877116e-04
2.458917835671342367e+00 5.721013951506607716e-04 5.721013951506607716e-04 5.721013951506607716e-04
2.470941883767535430e+00 5.593042350350943027e-04 5.593042350350943027e-04 5.593042350350943027e-04
2.482965931863727604e+00 5.470375440084564471e-04 5.470375440084564471e-04 5.470375440084564471e-04
2.494989979959919779e+00 5.352679859509586495e-04 5.352679859509586495e-04 5.352679859509586495e-04
2.507014028056111954e+00 5.239650403553632995e-04 5.239650403553632995e-04 5.239650403553632995e-04
2.519038076152304129e+00 5.131007053147000401e-04 5.131007053147000401e-04 5.131007053147000401e-04
2.531062124248497192e+00 5.026492378448249761e-04 5.026492378448249761e-04 5.026492378448249761e-04
2.543086172344689366e+00 4.925869261255025030e-04 4.925869261255025030e-04 4.925869261255025030e-04
2.555110220440881541e+00 4.828918891299547700e-04 4.828918891299547700e-04 4.828918891299547700e-04
2.567134268537073716e+00 4.735438998383540462e-04 4.735438998383540462e-04 4.735438998383540462e-04
2.579158316633266779e+00 4.645242288273290603e-04 4.645242288273290603e-04 4.645242288273290603e-04
2.591182364729458953e+00 4.558155055203854658e-04 4.558155055203854658e-04 4.558155055203854658e-04
2.603206412825651128e+00 4.474015947928805244e-04 4.474015947928805244e-04 4.474015947928805244e-04
2.615230460921843303e+00 4.392674869656457257e-04 4.392674869656457257e-04 4.392674869656457257e-04
2.627254509018036366e+00 4.313991995059252428e-04 4.313991995059252428e-04 4.313991995059252428e-04
2.639278557114228541e+00 4.237836889931322461e-04 4.237836889931322461e-04 4.237836889931322461e-04
2.651302605210420715e+00 4.164087721080090405e-04 4.164087721080090405e-04 4.164087721080090405e-04
2.663326653306612890e+00 4.092630545737280657e-04 4.092630545737280657e-04 4.092630545737280657e-04
2.675350701402805953e+00 4.023358671214922067e-04 4.023358671214922067e-04 4.023358671214922067e-04
2.687374749498998128e+00 3.956172076757126900e-04 3.956172076757126900e-04 3.956172076757126900e-04
2.699398797595190302e+00 3.890976890583210676e-04 3.890976890583210676e-04 3.890976890583210676e-04
2.711422845691382477e+00 3.827684916011687001e-04 3.827684916011687001e-04 3.827684916011687001e-04
2.723446893787574652e+00 3.766213201321349916e-04 3.766213201321349916e-04 3.766213201321349916e-04
2.735470941883767715e+00 3.706483648665424759e-04 3.706483648665424759e-04 3.706483648665424759e-04
2.747494989979959890e+00 3.648422657923581082e-04 3.648422657923581082e-04 3.648422657923581082e-04
2.759519038076152064e+00 3.591960801868435420e-04 3.591960801868435420e-04 3.591960801868435420e-04
2.771543086172344239e+00 3.537032529449644241e-04 3.537032529449644241e-04 3.537032529449644241e-04
2.783567134268537302e+00 3.483575894368937022e-04 3.483575894368937022e-04 3.483575894368937022e-04
2.795591182364729477e+00 3.431532306442065458e-04 3.431532306442065458e-04 3.431532306442065458e-04
2.807615230460921651e+00 3.380846303525040239e-04 3.380846303525040239e-04 3.380846303525040239e-04
2.819639278557113826e+00 3.331465342028310981e-04 3.331465342028310981e-04 3.331465342028310981e-04
2.831663326653306889e+00 3.283339604258130322e-04 3.283339604258130322e-04 3.283339604258130322e-04
2.843687374749499064e+00 3.236421821013965323e-04 3.236421821013965323e-04 3.236421821013965323e-04
2.855711422845691239e+00 3.190667108037316944e-04 3.190667108037316944e-04 3.190667108037316944e-04
2.867735470941883413e+00 3.146032815054453612e-04 3.146032815054453612e-04 3.146032815054453612e-04
2.879759519038076476e+00 3.102478386285179609e-04 3.102478386285179609e-04 3.102478386285179609e-04
2.891783567134268651e+00 3.059965231404663329e-04 3.059965231404663329e-04 3.059965231404663329e-04
2.903807615230460826e+00 3.018456606047034479e-04 3.018456606047034479e-04 3.018456606047034479e-04
2.915831663326653000e+00 2.977917501029871518e-04 2.977917501029871518e-04 2.977917501029871518e-04
2.927855711422846063e+00 2.938314539558959174e-04 2.938314539558959174e-04 2.938314539558959174e-04
2.939879759519038238e+00 2.899615881744265736e-04 2.899615881744265736e-04 2.899615881744265736e-04
2.951903807615230413e+00 2.861791135821876129e-04 2.861791135821876129e-04 2.861791135821876129e-04
2.963927855711422588e+00 2.824811275533673990e-04 2.824811275533673990e-04 2.824811275533673990e-04
2.975951903807614762e+00 2.788648563167514267e-04 2.788648563167514267e-04 2.788648563167514267e-04
2.987975951903807825e+00 2.753276477806350831e-04 2.753276477806350831e-04 2.753276477806350831e-04
3.000000000000000000e+00 2.718669648375781072e-04 2.718669648375781072e-04 2.718669648375781072e-04
