-1.500000 0.006273 0.006274 0.006273 0.006274 0.003979 0.003978 0.003978 0.003978 0.004514 0.004513 0.004514 0.004513
-1.489967 0.006463 0.006465 0.006463 0.006465 0.004064 0.004064 0.004064 0.004064 0.004630 0.004629 0.004630 0.004629
-1.479933 0.006665 0.006667 0.006665 0.006667 0.004153 0.004153 0.004153 0.004153 0.004753 0.004751 0.004753 0.004751
-1.469900 0.006880 0.006882 0.006880 0.006882 0.004247 0.004246 0.004246 0.004246 0.004882 0.004880 0.004882 0.004880
-1.459866 0.007109 0.007111 0.007109 0.007111 0.004344 0.004343 0.004344 0.004343 0.005018 0.005017 0.005018 0.005017
-1.449833 0.007354 0.007356 0.007354 0.007356 0.004445 0.004445 0.004445 0.004445 0.005163 0.005161 0.005163 0.005161
-1.439799 0.007616 0.007619 0.007616 0.007619 0.004552 0.004551 0.004552 0.004551 0.005317 0.005314 0.005317 0.005314
-1.429766 0.007899 0.007902 0.007899 0.007902 0.004663 0.004663 0.004663 0.004663 0.005480 0.005478 0.005480 0.005478
-1.419732 0.008204 0.008207 0.008204 0.008207 0.004780 0.004780 0.004780 0.004780 0.005655 0.005652 0.005655 0.005652
-1.409699 0.008534 0.008539 0.008535 0.008539 0.004904 0.004903 0.004903 0.004903 0.005842 0.005838 0.005842 0.005838
-1.399666 0.008895 0.008900 0.008895 0.008900 0.005033 0.005033 0.005033 0.005033 0.006043 0.006039 0.006043 0.006039
-1.389632 0.009291 0.009296 0.009291 0.009297 0.005171 0.005170 0.005170 0.005170 0.006260 0.006255 0.006260 0.006255
-1.379599 0.009728 0.009734 0.009728 0.009734 0.005316 0.005315 0.005316 0.005315 0.006496 0.006490 0.006496 0.006490
-1.369565 0.010213 0.010221 0.010214 0.010221 0.005470 0.005470 0.005470 0.005470 0.006752 0.006745 0.006752 0.006745
-1.359532 0.010759 0.010768 0.010759 0.010768 0.005634 0.005634 0.005634 0.005634 0.007034 0.007025 0.007034 0.007025
-1.349498 0.011379 0.011390 0.011379 0.011390 0.005810 0.005810 0.005810 0.005810 0.007345 0.007335 0.007345 0.007335
-1.339465 0.012094 0.012107 0.012094 0.012107 0.005999 0.005999 0.005999 0.005998 0.007692 0.007680 0.007692 0.007680
-1.329431 0.012931 0.012947 0.012932 0.012948 0.006203 0.006202 0.006202 0.006202 0.008083 0.008068 0.008083 0.008068
-1.319398 0.013937 0.013957 0.013937 0.013957 0.006424 0.006424 0.006424 0.006424 0.008531 0.008512 0.008531 0.008512
-1.309365 0.015180 0.015206 0.015181 0.015206 0.006667 0.006667 0.006667 0.006667 0.009054 0.009029 0.009054 0.009029
-1.299331 0.016782 0.016815 0.016782 0.016815 0.006936 0.006937 0.006936 0.006937 0.009680 0.009648 0.009680 0.009648
-1.289298 0.018956 0.019001 0.018957 0.019001 0.007240 0.007242 0.007240 0.007242 0.010458 0.010414 0.010459 0.010414
-1.279264 0.022094 0.022156 0.022094 0.022156 0.007593 0.007597 0.007593 0.007597 0.011473 0.011410 0.011473 0.011410
-1.269231 0.026729 0.026819 0.026730 0.026819 0.008012 0.008018 0.008012 0.008018 0.012842 0.012749 0.012842 0.012749
-1.259197 0.032661 0.032792 0.032662 0.032793 0.008503 0.008514 0.008503 0.008515 0.014569 0.014432 0.014569 0.014432
-1.249164 0.038917 0.039117 0.038918 0.039118 0.009062 0.009081 0.009062 0.009082 0.016555 0.016344 0.016555 0.016344
-1.239130 0.046539 0.046835 0.046540 0.046837 0.009741 0.009772 0.009741 0.009773 0.019070 0.018756 0.019070 0.018756
-1.229097 0.053746 0.054115 0.053747 0.054116 0.010524 0.010563 0.010524 0.010563 0.021848 0.021458 0.021848 0.021458
-1.219064 0.060013 0.060384 0.060014 0.060385 0.011374 0.011408 0.011374 0.011409 0.024776 0.024392 0.024777 0.024392
-1.209030 0.066476 0.066852 0.066477 0.066854 0.012333 0.012365 0.012333 0.012365 0.028171 0.027787 0.028171 0.027787
-1.198997 0.073279 0.073840 0.073280 0.073841 0.013541 0.013601 0.013541 0.013602 0.032693 0.032113 0.032693 0.032113
-1.188963 0.081482 0.081987 0.081483 0.081989 0.015152 0.015194 0.015152 0.015195 0.038648 0.038140 0.038648 0.038140
-1.178930 0.090610 0.090892 0.090611 0.090893 0.017007 0.016985 0.017007 0.016986 0.045650 0.045406 0.045650 0.045406
-1.168896 0.098342 0.098494 0.098342 0.098495 0.018855 0.018796 0.018856 0.018797 0.052421 0.052330 0.052421 0.052330
-1.158863 0.104496 0.104487 0.104496 0.104488 0.020886 0.020802 0.020887 0.020802 0.058939 0.059028 0.058940 0.059028
-1.148829 0.110633 0.110394 0.110633 0.110395 0.023386 0.023251 0.023387 0.023252 0.067315 0.067656 0.067315 0.067656
-1.138796 0.117808 0.117732 0.117808 0.117733 0.026010 0.025884 0.026010 0.025885 0.075426 0.075592 0.075426 0.075592
-1.128763 0.129033 0.129080 0.129033 0.129081 0.028977 0.028867 0.028977 0.028868 0.081793 0.081825 0.081793 0.081826
-1.118729 0.141113 0.140759 0.141114 0.140760 0.032893 0.032711 0.032892 0.032712 0.088701 0.089166 0.088701 0.089166
-1.108696 0.149067 0.148317 0.149067 0.148317 0.037432 0.037183 0.037431 0.037183 0.094719 0.095610 0.094719 0.095610
-1.098662 0.154462 0.153847 0.154462 0.153847 0.042907 0.042709 0.042905 0.042709 0.099384 0.100122 0.099384 0.100122
-1.088629 0.165984 0.165876 0.165984 0.165877 0.050932 0.050831 0.050929 0.050830 0.107504 0.107696 0.107504 0.107696
-1.078595 0.182402 0.182342 0.182402 0.182343 0.059582 0.059480 0.059578 0.059478 0.118410 0.118549 0.118410 0.118549
-1.068562 0.193715 0.193441 0.193715 0.193443 0.066422 0.066287 0.066417 0.066284 0.126013 0.126374 0.126012 0.126374
-1.058528 0.203956 0.203564 0.203957 0.203566 0.074050 0.073900 0.074044 0.073897 0.129107 0.129602 0.129106 0.129602
-1.048495 0.219332 0.218929 0.219334 0.218932 0.083706 0.083567 0.083699 0.083562 0.133982 0.134493 0.133982 0.134493
-1.038462 0.234506 0.234308 0.234508 0.234312 0.092498 0.092413 0.092490 0.092407 0.140608 0.140904 0.140608 0.140904
-1.028428 0.249740 0.249700 0.249743 0.249705 0.100047 0.099979 0.100038 0.099972 0.149942 0.150086 0.149942 0.150086
-1.018395 0.266232 0.266132 0.266236 0.266138 0.108155 0.108049 0.108145 0.108042 0.162768 0.162986 0.162768 0.162986
-1.008361 0.283031 0.282796 0.283036 0.282803 0.117827 0.117683 0.117817 0.117675 0.175298 0.175654 0.175298 0.175654
-0.998328 0.299373 0.299129 0.299379 0.299138 0.127588 0.127456 0.127576 0.127447 0.183361 0.183687 0.183361 0.183688
-0.988294 0.310819 0.310526 0.310825 0.310536 0.133330 0.133212 0.133317 0.133203 0.186482 0.186816 0.186482 0.186816
-0.978261 0.318623 0.318417 0.318630 0.318427 0.135605 0.135511 0.135592 0.135502 0.192016 0.192260 0.192016 0.192260
-0.968227 0.323597 0.323562 0.323604 0.323572 0.137533 0.137458 0.137519 0.137448 0.196361 0.196467 0.196361 0.196467
-0.958194 0.334106 0.334134 0.334114 0.334144 0.142067 0.141986 0.142053 0.141976 0.200699 0.200790 0.200699 0.200790
-0.948161 0.344297 0.344256 0.344305 0.344267 0.147476 0.147388 0.147462 0.147377 0.203954 0.204135 0.203954 0.204135
-0.938127 0.347279 0.346995 0.347287 0.347007 0.150059 0.149952 0.150045 0.149941 0.206607 0.207021 0.206607 0.207021
-0.928094 0.351336 0.350952 0.351344 0.350964 0.151693 0.151582 0.151679 0.151571 0.211981 0.212486 0.211981 0.212487
-0.918060 0.360120 0.360014 0.360128 0.360025 0.154762 0.154711 0.154748 0.154700 0.216679 0.216879 0.216679 0.216879
-0.908027 0.362164 0.362269 0.362173 0.362281 0.156041 0.156070 0.156026 0.156060 0.218349 0.218258 0.218349 0.218258
-0.897993 0.355859 0.356156 0.355867 0.356167 0.153637 0.153721 0.153623 0.153711 0.217882 0.217598 0.217882 0.217599
-0.887960 0.354553 0.354859 0.354561 0.354870 0.150815 0.150885 0.150801 0.150875 0.219607 0.219362 0.219606 0.219362
-0.877926 0.361119 0.361259 0.361128 0.361270 0.151961 0.151950 0.151948 0.151939 0.222154 0.222154 0.222153 0.222154
-0.867893 0.374833 0.374968 0.374842 0.374980 0.158719 0.158651 0.158705 0.158640 0.224205 0.224290 0.224205 0.224290
-0.857860 0.384999 0.385152 0.385010 0.385165 0.165041 0.165003 0.165027 0.164992 0.226074 0.226088 0.226075 0.226088
-0.847826 0.383346 0.383489 0.383356 0.383503 0.166278 0.166318 0.166264 0.166307 0.226711 0.226642 0.226711 0.226642
-0.837793 0.381586 0.381802 0.381596 0.381815 0.166079 0.166151 0.166065 0.166140 0.226564 0.226416 0.226564 0.226416
-0.827759 0.383859 0.384083 0.383868 0.384094 0.166513 0.166600 0.166501 0.166590 0.229685 0.229525 0.229685 0.229525
-0.817726 0.386023 0.386142 0.386032 0.386153 0.168909 0.168984 0.168897 0.168975 0.233737 0.233674 0.233737 0.233674
-0.807692 0.394032 0.394209 0.394041 0.394220 0.176361 0.176378 0.176348 0.176368 0.240714 0.240652 0.240714 0.240652
-0.797659 0.405352 0.405871 0.405361 0.405883 0.187730 0.187716 0.187717 0.187705 0.248658 0.248380 0.248658 0.248380
-0.787625 0.411243 0.411849 0.411253 0.411862 0.200798 0.200825 0.200785 0.200815 0.249905 0.249559 0.249905 0.249560
-0.777592 0.414738 0.415064 0.414749 0.415078 0.215083 0.215210 0.215070 0.215200 0.246225 0.246029 0.246225 0.246029
-0.767559 0.417993 0.418130 0.418004 0.418145 0.226613 0.226756 0.226601 0.226746 0.243289 0.243226 0.243289 0.243226
-0.757525 0.418211 0.418362 0.418222 0.418377 0.237145 0.237292 0.237133 0.237283 0.240696 0.240605 0.240697 0.240605
-0.747492 0.416873 0.417131 0.416885 0.417145 0.250395 0.250527 0.250384 0.250518 0.240794 0.240609 0.240795 0.240609
-0.737458 0.418553 0.418893 0.418564 0.418907 0.257324 0.257437 0.257313 0.257429 0.245667 0.245438 0.245667 0.245438
-0.727425 0.423683 0.423984 0.423694 0.423997 0.259686 0.259890 0.259676 0.259882 0.252936 0.252727 0.252936 0.252727
-0.717391 0.436862 0.437000 0.436872 0.437013 0.265947 0.266265 0.265937 0.266257 0.262025 0.261878 0.262025 0.261878
-0.707358 0.455046 0.455133 0.455055 0.455146 0.276182 0.276436 0.276172 0.276428 0.270521 0.270413 0.270521 0.270413
-0.697324 0.464165 0.464378 0.464175 0.464391 0.288139 0.288284 0.288129 0.288276 0.272610 0.272487 0.272611 0.272488
-0.687291 0.464389 0.464631 0.464399 0.464646 0.302353 0.302592 0.302342 0.302584 0.269099 0.268893 0.269100 0.268893
-0.677258 0.464045 0.464060 0.464056 0.464075 0.309303 0.309633 0.309293 0.309626 0.266012 0.265898 0.266012 0.265898
-0.667224 0.468946 0.468648 0.468957 0.468662 0.310081 0.310567 0.310070 0.310559 0.268049 0.268116 0.268050 0.268117
-0.657191 0.476227 0.475811 0.476238 0.475825 0.313135 0.313862 0.313124 0.313855 0.270880 0.270858 0.270880 0.270858
-0.647157 0.481981 0.481952 0.481992 0.481966 0.310270 0.310599 0.310260 0.310593 0.270892 0.270657 0.270893 0.270657
-0.637124 0.482616 0.482981 0.482626 0.482993 0.300495 0.300446 0.300485 0.300440 0.271915 0.271579 0.271916 0.271579
-0.627090 0.480557 0.480677 0.480567 0.480689 0.294764 0.294770 0.294754 0.294764 0.272451 0.272259 0.272452 0.272260
-0.617057 0.487428 0.487007 0.487437 0.487018 0.302183 0.302509 0.302174 0.302504 0.276894 0.276921 0.276895 0.276921
-0.607023 0.508240 0.507514 0.508248 0.507526 0.330288 0.330958 0.330279 0.330952 0.286345 0.286436 0.286345 0.286436
-0.596990 0.535091 0.534344 0.535100 0.534358 0.365547 0.366065 0.365538 0.366059 0.296505 0.296712 0.296506 0.296712
-0.586957 0.550839 0.550227 0.550849 0.550241 0.377949 0.378397 0.377940 0.378391 0.302288 0.302249 0.302289 0.302250
-0.576923 0.556066 0.555578 0.556076 0.555591 0.373602 0.374317 0.373593 0.374311 0.302142 0.301705 0.302143 0.301705
-0.566890 0.558161 0.557596 0.558169 0.557607 0.367979 0.368398 0.367970 0.368393 0.298492 0.298244 0.298492 0.298244
-0.556856 0.552851 0.552107 0.552859 0.552117 0.352487 0.352455 0.352478 0.352451 0.294058 0.294253 0.294058 0.294253
-0.546823 0.543993 0.543248 0.544000 0.543257 0.334324 0.334399 0.334316 0.334396 0.290490 0.290606 0.290491 0.290606
-0.536789 0.547944 0.547060 0.547951 0.547070 0.333218 0.333728 0.333210 0.333725 0.290765 0.290622 0.290765 0.290622
-0.526756 0.573859 0.572701 0.573866 0.572711 0.356786 0.357583 0.356779 0.357580 0.295593 0.295474 0.295594 0.295474
-0.516722 0.614375 0.612934 0.614381 0.612945 0.397436 0.398193 0.397429 0.398189 0.304597 0.304599 0.304598 0.304600
-0.506689 0.651773 0.650282 0.651781 0.650293 0.429951 0.430463 0.429943 0.430460 0.315057 0.314898 0.315057 0.314899
-0.496656 0.667690 0.666365 0.667696 0.666374 0.436776 0.437042 0.436769 0.437039 0.319218 0.319010 0.319217 0.319011
-0.486622 0.668257 0.667002 0.668262 0.667010 0.433296 0.433700 0.433290 0.433698 0.315381 0.315099 0.315380 0.315100
-0.476589 0.669641 0.668435 0.669645 0.668441 0.426377 0.426896 0.426371 0.426894 0.310900 0.310611 0.310900 0.310611
-0.466555 0.667139 0.665978 0.667143 0.665983 0.418171 0.418764 0.418165 0.418764 0.306733 0.306481 0.306733 0.306480
-0.456522 0.657759 0.656430 0.657763 0.656434 0.412657 0.413505 0.412652 0.413505 0.301547 0.301330 0.301547 0.301329
-0.446488 0.648108 0.646904 0.648111 0.646906 0.414198 0.415116 0.414193 0.415117 0.301149 0.300894 0.301149 0.300893
-0.436455 0.637384 0.636530 0.637386 0.636530 0.422213 0.423002 0.422209 0.423004 0.309706 0.309369 0.309706 0.309367
-0.426421 0.624802 0.624274 0.624801 0.624272 0.427731 0.428289 0.427728 0.428290 0.323471 0.323177 0.323472 0.323175
-0.416388 0.609722 0.608918 0.609719 0.608915 0.429373 0.429908 0.429370 0.429909 0.341577 0.341392 0.341577 0.341390
-0.406355 0.595666 0.594923 0.595662 0.594919 0.426967 0.427428 0.426963 0.427430 0.361266 0.361112 0.361267 0.361109
-0.396321 0.589434 0.589250 0.589430 0.589246 0.430708 0.430995 0.430704 0.430997 0.377728 0.377482 0.377729 0.377479
-0.386288 0.594545 0.594391 0.594540 0.594388 0.447589 0.447763 0.447586 0.447766 0.390425 0.390353 0.390426 0.390350
-0.376254 0.611522 0.610877 0.611515 0.610875 0.470759 0.470862 0.470757 0.470864 0.403841 0.403957 0.403842 0.403954
-0.366221 0.631968 0.631461 0.631958 0.631458 0.492522 0.492297 0.492523 0.492300 0.415561 0.415616 0.415563 0.415614
-0.356187 0.646280 0.646212 0.646269 0.646207 0.502444 0.501999 0.502445 0.502002 0.423972 0.423907 0.423974 0.423905
-0.346154 0.653042 0.653398 0.653032 0.653391 0.496921 0.496167 0.496921 0.496170 0.429261 0.429366 0.429264 0.429364
-0.336120 0.662903 0.663560 0.662893 0.663552 0.495442 0.494158 0.495441 0.494162 0.434172 0.434677 0.434175 0.434675
-0.326087 0.688136 0.689283 0.688125 0.689274 0.509458 0.507920 0.509456 0.507925 0.445283 0.445862 0.445287 0.445859
-0.316054 0.717308 0.718250 0.717297 0.718242 0.522779 0.521578 0.522778 0.521584 0.459541 0.460150 0.459547 0.460147
-0.306020 0.734540 0.735359 0.734528 0.735351 0.532368 0.531310 0.532367 0.531317 0.478605 0.479546 0.478611 0.479544
-0.295987 0.746514 0.748659 0.746502 0.748652 0.549763 0.548105 0.549762 0.548113 0.501622 0.502425 0.501628 0.502422
-0.285953 0.766033 0.769391 0.766021 0.769385 0.568460 0.566261 0.568462 0.566270 0.523166 0.523538 0.523173 0.523536
-0.275920 0.786241 0.789596 0.786229 0.789590 0.579380 0.577164 0.579384 0.577174 0.536879 0.537155 0.536886 0.537153
-0.265886 0.789552 0.791431 0.789539 0.791426 0.579034 0.577456 0.579039 0.577466 0.539052 0.539291 0.539060 0.539290
-0.255853 0.781422 0.782373 0.781410 0.782369 0.571452 0.570089 0.571458 0.570099 0.537248 0.537381 0.537256 0.537380
-0.245819 0.773457 0.774476 0.773447 0.774472 0.572551 0.571228 0.572557 0.571239 0.538804 0.538956 0.538811 0.538955
-0.235786 0.761752 0.762741 0.761741 0.762736 0.588157 0.587158 0.588164 0.587169 0.544273 0.544289 0.544279 0.544288
-0.225753 0.748402 0.749066 0.748390 0.749059 0.606362 0.605678 0.606372 0.605690 0.552531 0.552283 0.552537 0.552283
-0.215719 0.738994 0.739019 0.738981 0.739012 0.621245 0.620954 0.621256 0.620967 0.562217 0.562040 0.562223 0.562040
-0.205686 0.727427 0.727413 0.727414 0.727405 0.634990 0.634753 0.635001 0.634764 0.568937 0.568781 0.568943 0.568781
-0.195652 0.712983 0.713130 0.712970 0.713120 0.640420 0.640019 0.640432 0.640031 0.572768 0.572813 0.572773 0.572813
-0.185619 0.704533 0.704599 0.704519 0.704589 0.641035 0.640741 0.641048 0.640753 0.582972 0.583163 0.582977 0.583163
-0.175585 0.697903 0.698364 0.697888 0.698353 0.650640 0.650057 0.650655 0.650069 0.597119 0.597084 0.597123 0.597084
-0.165552 0.697147 0.697898 0.697131 0.697886 0.668758 0.667750 0.668774 0.667763 0.617470 0.617423 0.617474 0.617423
-0.155518 0.700877 0.701711 0.700861 0.701698 0.678896 0.677492 0.678913 0.677506 0.647149 0.647355 0.647153 0.647356
-0.145485 0.702510 0.703665 0.702494 0.703651 0.683494 0.681859 0.683512 0.681873 0.677982 0.678191 0.677987 0.678191
-0.135452 0.694373 0.696010 0.694358 0.695997 0.691241 0.689453 0.691260 0.689468 0.701241 0.700916 0.701246 0.700916
-0.125418 0.675155 0.676503 0.675141 0.676491 0.699102 0.697347 0.699121 0.697361 0.712062 0.711661 0.712066 0.711663
-0.115385 0.659198 0.659472 0.659185 0.659461 0.709467 0.707913 0.709487 0.707927 0.724954 0.725087 0.724958 0.725089
-0.105351 0.658603 0.658546 0.658591 0.658536 0.731176 0.729775 0.731194 0.729788 0.748731 0.748731 0.748734 0.748733
-0.095318 0.670584 0.670812 0.670572 0.670801 0.760875 0.759831 0.760892 0.759843 0.778527 0.778117 0.778530 0.778119
-0.085284 0.679971 0.680170 0.679959 0.680159 0.791888 0.790996 0.791905 0.791007 0.812807 0.812255 0.812809 0.812257
-0.075251 0.676541 0.676767 0.676529 0.676756 0.815086 0.814522 0.815105 0.814532 0.843980 0.843253 0.843980 0.843256
-0.065217 0.662840 0.663075 0.662829 0.663064 0.829496 0.830004 0.829518 0.830014 0.864615 0.863746 0.864613 0.863750
-0.055184 0.637984 0.638547 0.637973 0.638536 0.843118 0.844250 0.843142 0.844258 0.871130 0.869981 0.871125 0.869984
-0.045151 0.607353 0.608181 0.607342 0.608169 0.860304 0.862373 0.860329 0.862382 0.866444 0.865352 0.866436 0.865355
-0.035117 0.581369 0.581930 0.581358 0.581919 0.881184 0.884276 0.881209 0.884284 0.863695 0.863442 0.863685 0.863444
-0.025084 0.558748 0.559304 0.558736 0.559292 0.901676 0.905319 0.901703 0.905328 0.867026 0.867152 0.867014 0.867154
-0.015050 0.541032 0.541992 0.541020 0.541981 0.912053 0.915002 0.912080 0.915012 0.865286 0.864987 0.865272 0.864989
-0.005017 0.523341 0.524544 0.523329 0.524532 0.894817 0.896005 0.894841 0.896015 0.838607 0.837826 0.838594 0.837826
0.005017 0.502372 0.503414 0.502360 0.503401 0.852916 0.853647 0.852937 0.853658 0.797978 0.797286 0.797965 0.797284
0.015050 0.477550 0.478330 0.477538 0.478318 0.806567 0.807702 0.806585 0.807714 0.759119 0.758766 0.759107 0.758763
0.025084 0.453850 0.454264 0.453839 0.454252 0.764084 0.765473 0.764100 0.765485 0.724774 0.724776 0.724763 0.724773
0.035117 0.431731 0.431942 0.431721 0.431931 0.723088 0.724445 0.723102 0.724458 0.689359 0.689464 0.689348 0.689461
0.045151 0.412553 0.412733 0.412544 0.412722 0.684279 0.685365 0.684294 0.685381 0.651343 0.651555 0.651334 0.651553
0.055184 0.401018 0.401294 0.401009 0.401284 0.654487 0.655376 0.654504 0.655394 0.622101 0.622350 0.622095 0.622348
0.065217 0.398760 0.399278 0.398751 0.399268 0.638429 0.639444 0.638448 0.639465 0.609350 0.609593 0.609345 0.609592
0.075251 0.403812 0.404439 0.403803 0.404428 0.636261 0.637445 0.636281 0.637466 0.614072 0.614530 0.614068 0.614529
0.085284 0.408515 0.409112 0.408506 0.409102 0.636930 0.638225 0.636952 0.638245 0.623263 0.623927 0.623259 0.623926
0.095318 0.408541 0.409047 0.408533 0.409037 0.630534 0.631831 0.630556 0.631851 0.627306 0.628127 0.627302 0.628126
0.105351 0.408982 0.409453 0.408974 0.409443 0.626275 0.627323 0.626296 0.627342 0.633234 0.634083 0.633230 0.634082
0.115385 0.417494 0.418049 0.417486 0.418038 0.634780 0.635524 0.634801 0.635544 0.648324 0.648987 0.648319 0.648986
0.125418 0.434156 0.434921 0.434147 0.434910 0.653152 0.653911 0.653172 0.653930 0.674854 0.675396 0.674850 0.675394
0.135452 0.450247 0.451052 0.450238 0.451039 0.672915 0.673486 0.672934 0.673505 0.703927 0.704549 0.703924 0.704547
0.145485 0.462243 0.462780 0.462234 0.462767 0.689110 0.688973 0.689128 0.688992 0.735399 0.735587 0.735396 0.735585
0.155518 0.479905 0.480114 0.479895 0.480101 0.712645 0.711926 0.712663 0.711946 0.776688 0.776078 0.776685 0.776076
0.165552 0.504932 0.505263 0.504922 0.505249 0.748239 0.747388 0.748256 0.747408 0.828049 0.826561 0.828046 0.826559
0.175585 0.529026 0.529372 0.529015 0.529357 0.782426 0.781487 0.782443 0.781507 0.875713 0.873301 0.875710 0.873299
0.185619 0.545302 0.545197 0.545292 0.545182 0.804588 0.803433 0.804604 0.803452 0.910198 0.907513 0.910195 0.907511
0.195652 0.556091 0.555252 0.556081 0.555238 0.818410 0.817492 0.818426 0.817509 0.941907 0.939842 0.941903 0.939842
0.205686 0.568432 0.567292 0.568422 0.567278 0.838789 0.838269 0.838807 0.838283 0.995755 0.993847 0.995749 0.993848
0.215719 0.585246 0.584180 0.585238 0.584167 0.879874 0.879582 0.879895 0.879594 1.087065 1.084788 1.087055 1.084790
0.225753 0.605811 0.605020 0.605804 0.605008 0.939859 0.940131 0.939883 0.940139 1.209335 1.207279 1.209322 1.207282
0.235786 0.627772 0.626858 0.627766 0.626848 0.998177 0.999490 0.998204 0.999496 1.321280 1.321010 1.321265 1.321012
0.245819 0.647544 0.645982 0.647538 0.645973 1.036579 1.037669 1.036607 1.037674 1.373160 1.374534 1.373144 1.374537
0.255853 0.663332 0.660949 0.663327 0.660940 1.067087 1.066752 1.067115 1.066756 1.378397 1.379920 1.378383 1.379923
0.265886 0.676949 0.674104 0.676943 0.674095 1.095600 1.094405 1.095625 1.094408 1.358235 1.359698 1.358222 1.359702
0.275920 0.691864 0.688450 0.691857 0.688440 1.113242 1.112496 1.113266 1.112500 1.314639 1.316963 1.314626 1.316967
0.285953 0.707088 0.703254 0.707080 0.703242 1.115907 1.115640 1.115931 1.115644 1.266648 1.269647 1.266636 1.269651
0.295987 0.721387 0.717766 0.721378 0.717754 1.110516 1.109594 1.110539 1.109598 1.229477 1.232322 1.229465 1.232326
0.306020 0.739294 0.735886 0.739284 0.735873 1.109445 1.107849 1.109468 1.107851 1.196449 1.198755 1.196437 1.198759
0.316054 0.766773 0.763226 0.766763 0.763214 1.116087 1.114412 1.116110 1.114413 1.169503 1.171145 1.169490 1.171149
0.326087 0.799380 0.795607 0.799369 0.795594 1.127976 1.126385 1.127999 1.126384 1.142906 1.144160 1.142894 1.144164
0.336120 0.834558 0.830680 0.834546 0.830667 1.142345 1.140820 1.142367 1.140819 1.118232 1.118976 1.118220 1.118979
0.346154 0.861080 0.857598 0.861067 0.857586 1.149323 1.147939 1.149345 1.147937 1.086619 1.087073 1.086607 1.087074
0.356187 0.857765 0.855323 0.857753 0.855312 1.132982 1.132924 1.133003 1.132923 1.043490 1.044245 1.043479 1.044245
0.366221 0.816409 0.815095 0.816398 0.815086 1.090594 1.093159 1.090612 1.093157 0.989470 0.990677 0.989462 0.990675
0.376254 0.759807 0.759175 0.759796 0.759168 1.045372 1.048971 1.045386 1.048966 0.932948 0.934226 0.932943 0.934222
0.386288 0.711414 0.711053 0.711405 0.711049 1.014853 1.017884 1.014864 1.017878 0.887059 0.888258 0.887057 0.888254
0.396321 0.681112 0.680322 0.681106 0.680322 1.004033 1.007970 1.004041 1.007963 0.859896 0.861749 0.859896 0.861744
0.406355 0.666920 0.666336 0.666917 0.666339 1.006029 1.010627 1.006036 1.010620 0.848171 0.850444 0.848173 0.850440
0.416388 0.658428 0.659521 0.658430 0.659526 1.012343 1.015013 1.012346 1.015003 0.843703 0.844399 0.843706 0.844396
0.426421 0.649527 0.651356 0.649531 0.651362 1.022874 1.023893 1.022872 1.023881 0.839395 0.839443 0.839398 0.839440
0.436455 0.643944 0.645063 0.643952 0.645071 1.035456 1.036697 1.035449 1.036684 0.841314 0.843152 0.841317 0.843148
0.446488 0.636402 0.638079 0.636415 0.638089 1.034118 1.033552 1.034105 1.033533 0.844553 0.846308 0.844555 0.846306
0.456522 0.630116 0.633208 0.630132 0.633219 1.024551 1.020995 1.024532 1.020972 0.847549 0.847372 0.847550 0.847372
0.466555 0.628701 0.632640 0.628720 0.632650 1.009220 1.003995 1.009196 1.003968 0.849381 0.847851 0.849381 0.847852
0.476589 0.623204 0.627355 0.623225 0.627366 0.962507 0.956296 0.962479 0.956267 0.844881 0.842078 0.844882 0.842080
0.486622 0.614768 0.618367 0.614789 0.618378 0.889882 0.884601 0.889853 0.884572 0.840713 0.837852 0.840717 0.837856
0.496656 0.607944 0.610430 0.607965 0.610441 0.824207 0.820825 0.824178 0.820799 0.841487 0.839610 0.841494 0.839614
0.506689 0.601993 0.603535 0.602016 0.603546 0.775702 0.773778 0.775674 0.773754 0.846748 0.845443 0.846758 0.845448
0.516722 0.591669 0.592695 0.591692 0.592707 0.738629 0.737249 0.738600 0.737226 0.853400 0.852015 0.853410 0.852020
0.526756 0.576786 0.577651 0.576807 0.577662 0.706811 0.705300 0.706784 0.705278 0.854119 0.852293 0.854130 0.852298
0.536789 0.560006 0.560887 0.560026 0.560897 0.671806 0.670189 0.671780 0.670169 0.838532 0.836413 0.838542 0.836417
0.546823 0.540652 0.541286 0.540672 0.541297 0.631614 0.630782 0.631589 0.630763 0.798082 0.797043 0.798092 0.797047
0.556856 0.520298 0.520577 0.520318 0.520588 0.587430 0.588059 0.587404 0.588041 0.736237 0.736649 0.736248 0.736654
0.566890 0.500642 0.500930 0.500662 0.500940 0.541107 0.542825 0.541081 0.542809 0.658427 0.659237 0.658438 0.659241
0.576923 0.481611 0.482172 0.481630 0.482181 0.499794 0.501973 0.499767 0.501958 0.583017 0.583378 0.583029 0.583381
0.586957 0.460275 0.460903 0.460294 0.460911 0.463345 0.465380 0.463316 0.465366 0.515750 0.515682 0.515761 0.515685
0.596990 0.439382 0.439863 0.439400 0.439870 0.430954 0.432605 0.430925 0.432592 0.451703 0.451391 0.451714 0.451392
0.607023 0.420596 0.420844 0.420613 0.420851 0.401980 0.403149 0.401952 0.403137 0.393481 0.393152 0.393492 0.393151
0.617057 0.399455 0.399105 0.399469 0.399111 0.372629 0.373491 0.372603 0.373481 0.336309 0.336397 0.336319 0.336396
0.627090 0.372650 0.371758 0.372663 0.371763 0.341667 0.342441 0.341644 0.342434 0.279176 0.279634 0.279186 0.279632
0.637124 0.338930 0.338013 0.338939 0.338016 0.306661 0.307392 0.306641 0.307387 0.228306 0.228715 0.228315 0.228713
0.647157 0.300048 0.299299 0.300054 0.299300 0.267684 0.268339 0.267668 0.268337 0.186856 0.187068 0.186864 0.187065
0.657191 0.263132 0.262608 0.263136 0.262606 0.231836 0.232324 0.231824 0.232324 0.153914 0.153969 0.153921 0.153966
0.667224 0.227488 0.227157 0.227489 0.227153 0.199027 0.199328 0.199018 0.199331 0.126641 0.126622 0.126647 0.126620
0.677258 0.193503 0.193280 0.193502 0.193275 0.167509 0.167670 0.167503 0.167675 0.104305 0.104273 0.104310 0.104271
0.687291 0.167028 0.166854 0.167025 0.166848 0.141079 0.141173 0.141076 0.141179 0.087561 0.087516 0.087565 0.087514
0.697324 0.150377 0.150250 0.150373 0.150243 0.122331 0.122397 0.122330 0.122404 0.075792 0.075703 0.075795 0.075701
0.707358 0.137707 0.137591 0.137703 0.137583 0.107709 0.107765 0.107709 0.107771 0.066977 0.066882 0.066979 0.066881
0.717391 0.123524 0.123423 0.123519 0.123415 0.093155 0.093203 0.093156 0.093209 0.059635 0.059547 0.059637 0.059546
0.727425 0.111132 0.111040 0.111128 0.111033 0.080866 0.080903 0.080867 0.080909 0.053635 0.053562 0.053636 0.053561
0.737458 0.101446 0.101360 0.101442 0.101353 0.070998 0.071028 0.070999 0.071033 0.048762 0.048709 0.048764 0.048708
0.747492 0.092106 0.092063 0.092102 0.092056 0.062421 0.062442 0.062422 0.062447 0.044553 0.044489 0.044554 0.044488
0.757525 0.082914 0.082899 0.082910 0.082893 0.054883 0.054899 0.054884 0.054903 0.040826 0.040764 0.040827 0.040763
0.767559 0.074090 0.074079 0.074087 0.074074 0.048422 0.048436 0.048423 0.048440 0.037509 0.037462 0.037510 0.037462
0.777592 0.066084 0.066085 0.066081 0.066081 0.042966 0.042977 0.042967 0.042980 0.034594 0.034551 0.034594 0.034550
0.787625 0.059966 0.059977 0.059964 0.059973 0.038629 0.038639 0.038630 0.038641 0.032135 0.032096 0.032136 0.032095
0.797659 0.053114 0.053126 0.053112 0.053123 0.034930 0.034939 0.034930 0.034941 0.029783 0.029750 0.029783 0.029750
0.807692 0.045174 0.045184 0.045172 0.045182 0.031501 0.031509 0.031501 0.031510 0.027478 0.027453 0.027478 0.027452
0.817726 0.039093 0.039098 0.039091 0.039096 0.028700 0.028707 0.028700 0.028708 0.025530 0.025512 0.025531 0.025512
0.827759 0.033554 0.033558 0.033553 0.033556 0.026319 0.026326 0.026319 0.026327 0.023771 0.023757 0.023771 0.023757
0.837793 0.028424 0.028426 0.028424 0.028425 0.024248 0.024255 0.024248 0.024255 0.022164 0.022154 0.022164 0.022153
0.847826 0.024681 0.024682 0.024680 0.024681 0.022545 0.022550 0.022544 0.022550 0.020803 0.020795 0.020804 0.020795
0.857860 0.022033 0.022033 0.022033 0.022033 0.021126 0.021131 0.021126 0.021131 0.019645 0.019639 0.019645 0.019639
0.867893 0.020056 0.020057 0.020056 0.020056 0.019909 0.019914 0.019909 0.019914 0.018632 0.018627 0.018632 0.018627
0.877926 0.018498 0.018498 0.018498 0.018498 0.018841 0.018845 0.018841 0.018845 0.017727 0.017722 0.017727 0.017722
0.887960 0.017218 0.017218 0.017218 0.017218 0.017889 0.017892 0.017888 0.017892 0.016908 0.016904 0.016908 0.016904
0.897993 0.016136 0.016136 0.016136 0.016135 0.017029 0.017032 0.017029 0.017033 0.016159 0.016156 0.016159 0.016156
0.908027 0.015200 0.015200 0.015200 0.015199 0.016248 0.016250 0.016247 0.016251 0.015471 0.015468 0.015471 0.015468
0.918060 0.014377 0.014377 0.014377 0.014377 0.015532 0.015535 0.015532 0.015535 0.014835 0.014832 0.014835 0.014832
0.928094 0.013646 0.013646 0.013646 0.013646 0.014873 0.014876 0.014873 0.014876 0.014244 0.014242 0.014244 0.014242
0.938127 0.012989 0.012989 0.012989 0.012989 0.014265 0.014267 0.014264 0.014267 0.013694 0.013692 0.013694 0.013692
0.948161 0.012393 0.012394 0.012393 0.012393 0.013700 0.013702 0.013699 0.013702 0.013181 0.013179 0.013181 0.013179
0.958194 0.011851 0.011851 0.011851 0.011851 0.013174 0.013176 0.013174 0.013176 0.012700 0.012698 0.012700 0.012698
0.968227 0.011353 0.011353 0.011353 0.011353 0.012683 0.012684 0.012683 0.012685 0.012248 0.012247 0.012248 0.012247
0.978261 0.010895 0.010895 0.010895 0.010895 0.012223 0.012225 0.012223 0.012225 0.011824 0.011822 0.011824 0.011822
0.988294 0.010471 0.010471 0.010471 0.010471 0.011792 0.011794 0.011792 0.011794 0.011424 0.011423 0.011424 0.011423
0.998328 0.010077 0.010078 0.010077 0.010077 0.011387 0.011388 0.011387 0.011388 0.011047 0.011045 0.011047 0.011045
1.008361 0.009711 0.009711 0.009711 0.009711 0.011005 0.011006 0.011005 0.011006 0.010690 0.010689 0.010690 0.010689
1.018395 0.009368 0.009368 0.009368 0.009368 0.010645 0.010646 0.010645 0.010646 0.010352 0.010351 0.010352 0.010351
1.028428 0.009047 0.009047 0.009047 0.009047 0.010304 0.010305 0.010304 0.010305 0.010032 0.010031 0.010032 0.010031
1.038462 0.008746 0.008746 0.008746 0.008746 0.009982 0.009983 0.009982 0.009983 0.009728 0.009727 0.009728 0.009727
1.048495 0.008462 0.008463 0.008462 0.008462 0.009677 0.009677 0.009676 0.009677 0.009439 0.009438 0.009439 0.009438
1.058528 0.008195 0.008195 0.008195 0.008195 0.009386 0.009387 0.009386 0.009387 0.009164 0.009163 0.009164 0.009163
1.068562 0.007943 0.007943 0.007943 0.007943 0.009111 0.009111 0.009111 0.009111 0.008902 0.008901 0.008902 0.008901
1.078595 0.007704 0.007704 0.007704 0.007704 0.008848 0.008849 0.008848 0.008849 0.008652 0.008651 0.008652 0.008651
1.088629 0.007477 0.007477 0.007477 0.007477 0.008598 0.008599 0.008598 0.008599 0.008414 0.008413 0.008414 0.008413
1.098662 0.007262 0.007262 0.007262 0.007262 0.008360 0.008361 0.008360 0.008361 0.008186 0.008185 0.008186 0.008185
1.108696 0.007058 0.007058 0.007058 0.007058 0.008132 0.008133 0.008132 0.008133 0.007968 0.007967 0.007968 0.007967
1.118729 0.006864 0.006864 0.006864 0.006864 0.007915 0.007915 0.007915 0.007915 0.007760 0.007759 0.007760 0.007759
1.128763 0.006678 0.006679 0.006678 0.006679 0.007707 0.007707 0.007707 0.007707 0.007560 0.007559 0.007560 0.007559
1.138796 0.006502 0.006502 0.006502 0.006502 0.007508 0.007508 0.007508 0.007508 0.007369 0.007368 0.007369 0.007368
1.148829 0.006333 0.006333 0.006333 0.006333 0.007317 0.007317 0.007317 0.007317 0.007185 0.007184 0.007185 0.007184
1.158863 0.006172 0.006172 0.006172 0.006172 0.007134 0.007134 0.007134 0.007134 0.007009 0.007008 0.007009 0.007008
1.168896 0.006018 0.006018 0.006018 0.006018 0.006958 0.006959 0.006958 0.006959 0.006839 0.006839 0.006839 0.006839
1.178930 0.005870 0.005870 0.005870 0.005870 0.006790 0.006790 0.006790 0.006790 0.006676 0.006676 0.006676 0.006676
1.188963 0.005728 0.005728 0.005728 0.005728 0.006628 0.006628 0.006628 0.006628 0.006520 0.006519 0.006520 0.006519
1.198997 0.005592 0.005592 0.005592 0.005592 0.006472 0.006472 0.006472 0.006472 0.006369 0.006369 0.006369 0.006369
1.209030 0.005462 0.005462 0.005462 0.005462 0.006322 0.006322 0.006322 0.006322 0.006224 0.006223 0.006224 0.006223
1.219064 0.005336 0.005336 0.005336 0.005336 0.006178 0.006178 0.006178 0.006178 0.006084 0.006084 0.006084 0.006084
1.229097 0.005216 0.005216 0.005216 0.005216 0.006039 0.006039 0.006039 0.006039 0.005949 0.005949 0.005949 0.005949
1.239130 0.005099 0.005100 0.005100 0.005100 0.005905 0.005905 0.005905 0.005905 0.005819 0.005818 0.005819 0.005818
1.249164 0.004988 0.004988 0.004988 0.004988 0.005775 0.005776 0.005775 0.005776 0.005693 0.005693 0.005693 0.005693
1.259197 0.004880 0.004880 0.004880 0.004880 0.005651 0.005651 0.005651 0.005651 0.005572 0.005572 0.005572 0.005572
1.269231 0.004776 0.004776 0.004776 0.004776 0.005530 0.005530 0.005530 0.005530 0.005455 0.005454 0.005455 0.005454
1.279264 0.004676 0.004676 0.004676 0.004676 0.005414 0.005414 0.005414 0.005414 0.005341 0.005341 0.005341 0.005341
1.289298 0.004579 0.004579 0.004579 0.004579 0.005301 0.005301 0.005301 0.005301 0.005232 0.005231 0.005232 0.005231
1.299331 0.004486 0.004486 0.004486 0.004486 0.005192 0.005193 0.005192 0.005193 0.005125 0.005125 0.005125 0.005125
1.309365 0.004396 0.004396 0.004396 0.004396 0.005087 0.005087 0.005087 0.005087 0.005023 0.005023 0.005023 0.005023
1.319398 0.004308 0.004308 0.004308 0.004308 0.004985 0.004986 0.004985 0.004986 0.004923 0.004923 0.004923 0.004923
1.329431 0.004224 0.004224 0.004224 0.004224 0.004887 0.004887 0.004887 0.004887 0.004827 0.004827 0.004827 0.004827
1.339465 0.004142 0.004142 0.004142 0.004142 0.004791 0.004791 0.004791 0.004791 0.004734 0.004734 0.004734 0.004734
1.349498 0.004063 0.004063 0.004063 0.004063 0.004699 0.004699 0.004699 0.004699 0.004643 0.004643 0.004643 0.004643
1.359532 0.003986 0.003986 0.003986 0.003986 0.004609 0.004609 0.004609 0.004609 0.004555 0.004555 0.004555 0.004555
1.369565 0.003912 0.003912 0.003912 0.003912 0.004522 0.004522 0.004522 0.004522 0.004470 0.004470 0.004470 0.004470
1.379599 0.003840 0.003840 0.003840 0.003840 0.004437 0.004438 0.004437 0.004438 0.004388 0.004387 0.004388 0.004387
1.389632 0.003770 0.003770 0.003770 0.003770 0.004355 0.004356 0.004355 0.004356 0.004307 0.004307 0.004307 0.004307
1.399666 0.003702 0.003702 0.003702 0.003702 0.004276 0.004276 0.004276 0.004276 0.004229 0.004229 0.004229 0.004229
1.409699 0.003637 0.003637 0.003637 0.003637 0.004199 0.004199 0.004199 0.004199 0.004154 0.004153 0.004154 0.004153
1.419732 0.003573 0.003573 0.003573 0.003573 0.004124 0.004124 0.004123 0.004124 0.004080 0.004080 0.004080 0.004080
1.429766 0.003511 0.003511 0.003511 0.003511 0.004051 0.004051 0.004051 0.004051 0.004008 0.004008 0.004008 0.004008
1.439799 0.003450 0.003450 0.003450 0.003450 0.003980 0.003980 0.003980 0.003980 0.003939 0.003939 0.003939 0.003939
1.449833 0.003392 0.003392 0.003392 0.003392 0.003911 0.003911 0.003911 0.003911 0.003871 0.003871 0.003871 0.003871
1.459866 0.003335 0.003335 0.003335 0.003335 0.003843 0.003844 0.003843 0.003844 0.003805 0.003805 0.003805 0.003805
1.469900 0.003279 0.003279 0.003279 0.003279 0.003778 0.003778 0.003778 0.003778 0.003741 0.003741 0.003741 0.003741
1.479933 0.003225 0.003225 0.003225 0.003225 0.003715 0.003715 0.003715 0.003715 0.003678 0.003678 0.003678 0.003678
1.489967 0.003172 0.003172 0.003172 0.003172 0.003653 0.003653 0.003653 0.003653 0.003618 0.003618 0.003618 0.003618
1.500000 0.003121 0.003121 0.003121 0.003121 0.003592 0.003592 0.003592 0.003592 0.003558 0.003558 0.003558 0.003558
