-6.000000 0.001184 0.001184 0.001184
-5.975952 0.001218 0.001218 0.001218
-5.951904 0.001253 0.001253 0.001253
-5.927856 0.001292 0.001292 0.001292
-5.903808 0.001332 0.001332 0.001332
-5.879760 0.001375 0.001375 0.001375
-5.855711 0.001422 0.001422 0.001422
-5.831663 0.001471 0.001471 0.001471
-5.807615 0.001525 0.001525 0.001525
-5.783567 0.001582 0.001582 0.001582
-5.759519 0.001645 0.001645 0.001645
-5.735471 0.001712 0.001712 0.001712
-5.711423 0.001786 0.001786 0.001786
-5.687375 0.001867 0.001867 0.001867
-5.663327 0.001955 0.001955 0.001955
-5.639279 0.002053 0.002053 0.002053
-5.615230 0.002162 0.002162 0.002162
-5.591182 0.002283 0.002283 0.002283
-5.567134 0.002420 0.002420 0.002420
-5.543086 0.002575 0.002575 0.002575
-5.519038 0.002753 0.002753 0.002753
-5.494990 0.002957 0.002957 0.002957
-5.470942 0.003197 0.003197 0.003197
-5.446894 0.003480 0.003480 0.003480
-5.422846 0.003821 0.003821 0.003821
-5.398798 0.004239 0.004239 0.004239
-5.374749 0.004762 0.004762 0.004762
-5.350701 0.005436 0.005436 0.005436
-5.326653 0.006332 0.006332 0.006332
-5.302605 0.007577 0.007577 0.007577
-5.278557 0.009395 0.009395 0.009395
-5.254509 0.012201 0.012201 0.012201
-5.230461 0.016693 0.016693 0.016693
-5.206413 0.023379 0.023379 0.023379
-5.182365 0.030879 0.030879 0.030879
-5.158317 0.036610 0.036610 0.036610
-5.134269 0.039917 0.039917 0.039917
-5.110220 0.042943 0.042943 0.042943
-5.086172 0.044797 0.044797 0.044797
-5.062124 0.044496 0.044496 0.044496
-5.038076 0.045068 0.045068 0.045068
-5.014028 0.048641 0.048641 0.048641
-4.989980 0.049344 0.049344 0.049344
-4.965932 0.046587 0.046587 0.046587
-4.941884 0.045886 0.045886 0.045886
-4.917836 0.048962 0.048962 0.048962
-4.893788 0.051376 0.051376 0.051376
-4.869739 0.051477 0.051477 0.051477
-4.845691 0.049866 0.049866 0.049866
-4.821643 0.048508 0.048508 0.048508
-4.797595 0.047762 0.047762 0.047762
-4.773547 0.048208 0.048208 0.048208
-4.749499 0.052690 0.052690 0.052690
-4.725451 0.056673 0.056673 0.056673
-4.701403 0.054192 0.054192 0.054192
-4.677355 0.049327 0.049327 0.049327
-4.653307 0.047008 0.047008 0.047008
-4.629259 0.046681 0.046681 0.046681
-4.605210 0.051424 0.051424 0.051424
-4.581162 0.058191 0.058191 0.058191
-4.557114 0.058717 0.058717 0.058717
-4.533066 0.053510 0.053510 0.053510
-4.509018 0.050335 0.050335 0.050335
-4.484970 0.050826 0.050826 0.050826
-4.460922 0.050669 0.050669 0.050669
-4.436874 0.050123 0.050123 0.050123
-4.412826 0.052901 0.052901 0.052901
-4.388778 0.056484 0.056484 0.056484
-4.364729 0.057560 0.057560 0.057560
-4.340681 0.057345 0.057345 0.057345
-4.316633 0.058005 0.058005 0.058005
-4.292585 0.056181 0.056181 0.056181
-4.268537 0.049611 0.049611 0.049611
-4.244489 0.046674 0.046674 0.046674
-4.220441 0.049495 0.049495 0.049495
-4.196393 0.054537 0.054537 0.054537
-4.172345 0.061513 0.061513 0.061513
-4.148297 0.064706 0.064706 0.064706
-4.124248 0.062280 0.062280 0.062280
-4.100200 0.058168 0.058168 0.058168
-4.076152 0.051971 0.051971 0.051971
-4.052104 0.047664 0.047664 0.047664
-4.028056 0.050013 0.050013 0.050013
-4.004008 0.055652 0.055652 0.055652
-3.979960 0.058254 0.058254 0.058254
-3.955912 0.059460 0.059460 0.059460
-3.931864 0.062290 0.062290 0.062290
-3.907816 0.063247 0.063247 0.063247
-3.883768 0.059802 0.059802 0.059802
-3.859719 0.057112 0.057112 0.057112
-3.835671 0.056245 0.056245 0.056245
-3.811623 0.056604 0.056604 0.056604
-3.787575 0.057398 0.057398 0.057398
-3.763527 0.054689 0.054689 0.054689
-3.739479 0.051330 0.051330 0.051330
-3.715431 0.055098 0.055098 0.055098
-3.691383 0.064267 0.064267 0.064267
-3.667335 0.069354 0.069354 0.069354
-3.643287 0.068520 0.068520 0.068520
-3.619238 0.064940 0.064940 0.064940
-3.595190 0.058671 0.058671 0.058671
-3.571142 0.055923 0.055923 0.055923
-3.547094 0.055311 0.055311 0.055311
-3.523046 0.051666 0.051666 0.051666
-3.498998 0.050930 0.050930 0.050930
-3.474950 0.058296 0.058296 0.058296
-3.450902 0.069927 0.069927 0.069927
-3.426854 0.075187 0.075187 0.075187
-3.402806 0.070964 0.070964 0.070964
-3.378758 0.063535 0.063535 0.063535
-3.354709 0.059565 0.059565 0.059565
-3.330661 0.058277 0.058277 0.058277
-3.306613 0.058483 0.058483 0.058483
-3.282565 0.059141 0.059141 0.059141
-3.258517 0.059339 0.059339 0.059339
-3.234469 0.059578 0.059578 0.059578
-3.210421 0.063032 0.063032 0.063032
-3.186373 0.068752 0.068752 0.068752
-3.162325 0.069424 0.069424 0.069424
-3.138277 0.066253 0.066253 0.066253
-3.114228 0.065385 0.065385 0.065385
-3.090180 0.068431 0.068431 0.068431
-3.066132 0.069372 0.069372 0.069372
-3.042084 0.067153 0.067153 0.067153
-3.018036 0.062528 0.062528 0.062528
-2.993988 0.056376 0.056376 0.056376
-2.969940 0.056336 0.056336 0.056336
-2.945892 0.061812 0.061812 0.061812
-2.921844 0.065628 0.065628 0.065628
-2.897796 0.070052 0.070052 0.070052
-2.873747 0.075830 0.075830 0.075830
-2.849699 0.078836 0.078836 0.078836
-2.825651 0.076896 0.076896 0.076896
-2.801603 0.070356 0.070356 0.070356
-2.777555 0.063958 0.063958 0.063958
-2.753507 0.058623 0.058623 0.058623
-2.729459 0.056408 0.056408 0.056408
-2.705411 0.060626 0.060626 0.060626
-2.681363 0.067507 0.067507 0.067507
-2.657315 0.072254 0.072254 0.072254
-2.633267 0.075976 0.075976 0.075976
-2.609218 0.078688 0.078688 0.078688
-2.585170 0.078408 0.078408 0.078408
-2.561122 0.076756 0.076756 0.076756
-2.537074 0.070186 0.070186 0.070186
-2.513026 0.063991 0.063991 0.063991
-2.488978 0.064064 0.064064 0.064064
-2.464930 0.068073 0.068073 0.068073
-2.440882 0.072477 0.072477 0.072477
-2.416834 0.072391 0.072391 0.072391
-2.392786 0.070489 0.070489 0.070489
-2.368737 0.069630 0.069630 0.069630
-2.344689 0.073809 0.073809 0.073809
-2.320641 0.080180 0.080180 0.080180
-2.296593 0.081345 0.081345 0.081345
-2.272545 0.077264 0.077264 0.077264
-2.248497 0.075413 0.075413 0.075413
-2.224449 0.076379 0.076379 0.076379
-2.200401 0.074897 0.074897 0.074897
-2.176353 0.071282 0.071282 0.071282
-2.152305 0.069386 0.069386 0.069386
-2.128257 0.066918 0.066918 0.066918
-2.104208 0.066897 0.066897 0.066897
-2.080160 0.076301 0.076301 0.076301
-2.056112 0.089848 0.089848 0.089848
-2.032064 0.093493 0.093493 0.093493
-2.008016 0.086903 0.086903 0.086903
-1.983968 0.079673 0.079673 0.079673
-1.959920 0.075869 0.075869 0.075869
-1.935872 0.073798 0.073798 0.073798
-1.911824 0.071715 0.071715 0.071715
-1.887776 0.070201 0.070201 0.070201
-1.863727 0.070650 0.070650 0.070650
-1.839679 0.076853 0.076853 0.076853
-1.815631 0.088989 0.088989 0.088989
-1.791583 0.096987 0.096987 0.096987
-1.767535 0.093037 0.093037 0.093037
-1.743487 0.085187 0.085187 0.085187
-1.719439 0.078365 0.078365 0.078365
-1.695391 0.077315 0.077315 0.077315
-1.671343 0.079331 0.079331 0.079331
-1.647295 0.079305 0.079305 0.079305
-1.623246 0.080892 0.080892 0.080892
-1.599198 0.082092 0.082092 0.082092
-1.575150 0.084273 0.084273 0.084273
-1.551102 0.089706 0.089706 0.089706
-1.527054 0.093697 0.093697 0.093697
-1.503006 0.090891 0.090891 0.090891
-1.478958 0.085053 0.085053 0.085053
-1.454910 0.084643 0.084643 0.084643
-1.430862 0.091144 0.091144 0.091144
-1.406814 0.092404 0.092404 0.092404
-1.382766 0.086729 0.086729 0.086729
-1.358717 0.083047 0.083047 0.083047
-1.334669 0.082285 0.082285 0.082285
-1.310621 0.085612 0.085612 0.085612
-1.286573 0.093048 0.093048 0.093048
-1.262525 0.096899 0.096899 0.096899
-1.238477 0.095979 0.095979 0.095979
-1.214429 0.098196 0.098196 0.098196
-1.190381 0.101054 0.101054 0.101054
-1.166333 0.096678 0.096678 0.096678
-1.142285 0.087476 0.087476 0.087476
-1.118236 0.084080 0.084080 0.084080
-1.094188 0.083948 0.083948 0.083948
-1.070140 0.089168 0.089168 0.089168
-1.046092 0.099941 0.099941 0.099941
-1.022044 0.107956 0.107956 0.107956
-0.997996 0.107661 0.107661 0.107661
-0.973948 0.104748 0.104748 0.104748
-0.949900 0.102648 0.102648 0.102648
-0.925852 0.095746 0.095746 0.095746
-0.901804 0.089274 0.089274 0.089274
-0.877756 0.088597 0.088597 0.088597
-0.853707 0.093193 0.093193 0.093193
-0.829659 0.104455 0.104455 0.104455
-0.805611 0.114158 0.114158 0.114158
-0.781563 0.113593 0.113593 0.113593
-0.757515 0.108488 0.108488 0.108488
-0.733467 0.106025 0.106025 0.106025
-0.709419 0.102377 0.102377 0.102377
-0.685371 0.097349 0.097349 0.097349
-0.661323 0.097526 0.097526 0.097526
-0.637275 0.103909 0.103909 0.103909
-0.613226 0.112608 0.112608 0.112608
-0.589178 0.117551 0.117551 0.117551
-0.565130 0.116098 0.116098 0.116098
-0.541082 0.111963 0.111963 0.111963
-0.517034 0.110413 0.110413 0.110413
-0.492986 0.109087 0.109087 0.109087
-0.468938 0.108020 0.108020 0.108020
-0.444890 0.110992 0.110992 0.110992
-0.420842 0.115226 0.115226 0.115226
-0.396794 0.119216 0.119216 0.119216
-0.372745 0.121307 0.121307 0.121307
-0.348697 0.118784 0.118784 0.118784
-0.324649 0.117077 0.117077 0.117077
-0.300601 0.118327 0.118327 0.118327
-0.276553 0.120048 0.120048 0.120048
-0.252505 0.121164 0.121164 0.121164
-0.228457 0.121401 0.121401 0.121401
-0.204409 0.123834 0.123834 0.123834
-0.180361 0.127174 0.127174 0.127174
-0.156313 0.125808 0.125808 0.125808
-0.132265 0.125099 0.125099 0.125099
-0.108216 0.128651 0.128651 0.128651
-0.084168 0.131485 0.131485 0.131485
-0.060120 0.130342 0.130342 0.130342
-0.036072 0.129303 0.129303 0.129303
-0.012024 0.132857 0.132857 0.132857
0.012024 0.135414 0.135414 0.135414
0.036072 0.133562 0.133562 0.133562
0.060120 0.136331 0.136331 0.136331
0.084168 0.141099 0.141099 0.141099
0.108216 0.140826 0.140826 0.140826
0.132265 0.139280 0.139280 0.139280
0.156313 0.142091 0.142091 0.142091
0.180361 0.144862 0.144862 0.144862
0.204409 0.142860 0.142860 0.142860
0.228457 0.146009 0.146009 0.146009
0.252505 0.151458 0.151458 0.151458
0.276553 0.152144 0.152144 0.152144
0.300601 0.152667 0.152667 0.152667
0.324649 0.155089 0.155089 0.155089
0.348697 0.153659 0.153659 0.153659
0.372745 0.152955 0.152955 0.152955
0.396794 0.159702 0.159702 0.159702
0.420842 0.165605 0.165605 0.165605
0.444890 0.168033 0.168033 0.168033
0.468938 0.167954 0.167954 0.167954
0.492986 0.164321 0.164321 0.164321
0.517034 0.163756 0.163756 0.163756
0.541082 0.171847 0.171847 0.171847
0.565130 0.181739 0.181739 0.181739
0.589178 0.184640 0.184640 0.184640
0.613226 0.180764 0.180764 0.180764
0.637275 0.177461 0.177461 0.177461
0.661323 0.181698 0.181698 0.181698
0.685371 0.191145 0.191145 0.191145
0.709419 0.198940 0.198940 0.198940
0.733467 0.200061 0.200061 0.200061
0.757515 0.199191 0.199191 0.199191
0.781563 0.200337 0.200337 0.200337
0.805611 0.203442 0.203442 0.203442
0.829659 0.213012 0.213012 0.213012
0.853707 0.223436 0.223436 0.223436
0.877756 0.225276 0.225276 0.225276
0.901804 0.224177 0.224177 0.224177
0.925852 0.227393 0.227393 0.227393
0.949900 0.236327 0.236327 0.236327
0.973948 0.250224 0.250224 0.250224
0.997996 0.258771 0.258771 0.258771
1.022044 0.260809 0.260809 0.260809
1.046092 0.264643 0.264643 0.264643
1.070140 0.275955 0.275955 0.275955
1.094188 0.295653 0.295653 0.295653
1.118236 0.313576 0.313576 0.313576
1.142285 0.323031 0.323031 0.323031
1.166333 0.328540 0.328540 0.328540
1.190381 0.343535 0.343535 0.343535
1.214429 0.358726 0.358726 0.358726
1.238477 0.345303 0.345303 0.345303
1.262525 0.317552 0.317552 0.317552
1.286573 0.304261 0.304261 0.304261
1.310621 0.303956 0.303956 0.303956
1.334669 0.298051 0.298051 0.298051
1.358717 0.280363 0.280363 0.280363
1.382766 0.269042 0.269042 0.269042
1.406814 0.268433 0.268433 0.268433
1.430862 0.268079 0.268079 0.268079
1.454910 0.258616 0.258616 0.258616
1.478958 0.248743 0.248743 0.248743
1.503006 0.247703 0.247703 0.247703
1.527054 0.248119 0.248119 0.248119
1.551102 0.242498 0.242498 0.242498
1.575150 0.235406 0.235406 0.235406
1.599198 0.233478 0.233478 0.233478
1.623246 0.234669 0.234669 0.234669
1.647295 0.229974 0.229974 0.229974
1.671343 0.224307 0.224307 0.224307
1.695391 0.224659 0.224659 0.224659
1.719439 0.223896 0.223896 0.223896
1.743487 0.219359 0.219359 0.219359
1.767535 0.217210 0.217210 0.217210
1.791583 0.216786 0.216786 0.216786
1.815631 0.215027 0.215027 0.215027
1.839679 0.212106 0.212106 0.212106
1.863727 0.210745 0.210745 0.210745
1.887776 0.210481 0.210481 0.210481
1.911824 0.207930 0.207930 0.207930
1.935872 0.206083 0.206083 0.206083
1.959920 0.206253 0.206253 0.206253
1.983968 0.204060 0.204060 0.204060
2.008016 0.202411 0.202411 0.202411
2.032064 0.202536 0.202536 0.202536
2.056112 0.200476 0.200476 0.200476
2.080160 0.199434 0.199434 0.199434
2.104208 0.199161 0.199161 0.199161
2.128257 0.197372 0.197372 0.197372
2.152305 0.196854 0.196854 0.196854
2.176353 0.196058 0.196058 0.196058
2.200401 0.194841 0.194841 0.194841
2.224449 0.194323 0.194323 0.194323
2.248497 0.193455 0.193455 0.193455
2.272545 0.192492 0.192492 0.192492
2.296593 0.192072 0.192072 0.192072
2.320641 0.190971 0.190971 0.190971
2.344689 0.190544 0.190544 0.190544
2.368737 0.189604 0.189604 0.189604
2.392786 0.189017 0.189017 0.189017
2.416834 0.188201 0.188201 0.188201
2.440882 0.187490 0.187490 0.187490
2.464930 0.186680 0.186680 0.186680
2.488978 0.185863 0.185863 0.185863
2.513026 0.184920 0.184920 0.184920
2.537074 0.183950 0.183950 0.183950
2.561122 0.182757 0.182757 0.182757
2.585170 0.181412 0.181412 0.181412
2.609218 0.179760 0.179760 0.179760
2.633267 0.177679 0.177679 0.177679
2.657315 0.174971 0.174971 0.174971
2.681363 0.171284 0.171284 0.171284
2.705411 0.166014 0.166014 0.166014
2.729459 0.158054 0.158054 0.158054
2.753507 0.145376 0.145376 0.145376
2.777555 0.124960 0.124960 0.124960
2.801603 0.096462 0.096462 0.096462
2.825651 0.068652 0.068652 0.068652
2.849699 0.049236 0.049236 0.049236
2.873747 0.037109 0.037109 0.037109
2.897796 0.029354 0.029354 0.029354
2.921844 0.024115 0.024115 0.024115
2.945892 0.020385 0.020385 0.020385
2.969940 0.017613 0.017613 0.017613
2.993988 0.015477 0.015477 0.015477
3.018036 0.013786 0.013786 0.013786
3.042084 0.012414 0.012414 0.012414
3.066132 0.011281 0.011281 0.011281
3.090180 0.010329 0.010329 0.010329
3.114228 0.009518 0.009518 0.009518
3.138277 0.008820 0.008820 0.008820
3.162325 0.008212 0.008212 0.008212
3.186373 0.007678 0.007678 0.007678
3.210421 0.007205 0.007205 0.007205
3.234469 0.006784 0.006784 0.006784
3.258517 0.006407 0.006407 0.006407
3.282565 0.006066 0.006066 0.006066
3.306613 0.005757 0.005757 0.005757
3.330661 0.005477 0.005477 0.005477
3.354709 0.005220 0.005220 0.005220
3.378758 0.004984 0.004984 0.004984
3.402806 0.004767 0.004767 0.004767
3.426854 0.004566 0.004566 0.004566
3.450902 0.004381 0.004381 0.004381
3.474950 0.004208 0.004208 0.004208
3.498998 0.004047 0.004047 0.004047
3.523046 0.003897 0.003897 0.003897
3.547094 0.003757 0.003757 0.003757
3.571142 0.003625 0.003625 0.003625
3.595190 0.003502 0.003502 0.003502
3.619238 0.003385 0.003385 0.003385
3.643287 0.003275 0.003275 0.003275
3.667335 0.003172 0.003172 0.003172
3.691383 0.003074 0.003074 0.003074
3.715431 0.002981 0.002981 0.002981
3.739479 0.002893 0.002893 0.002893
3.763527 0.002809 0.002809 0.002809
3.787575 0.002730 0.002730 0.002730
3.811623 0.002654 0.002654 0.002654
3.835671 0.002582 0.002582 0.002582
3.859719 0.002513 0.002513 0.002513
3.883768 0.002447 0.002447 0.002447
3.907816 0.002385 0.002385 0.002385
3.931864 0.002325 0.002325 0.002325
3.955912 0.002267 0.002267 0.002267
3.979960 0.002212 0.002212 0.002212
4.004008 0.002159 0.002159 0.002159
4.028056 0.002108 0.002108 0.002108
4.052104 0.002060 0.002060 0.002060
4.076152 0.002013 0.002013 0.002013
4.100200 0.001968 0.001968 0.001968
4.124248 0.001924 0.001924 0.001924
4.148297 0.001883 0.001883 0.001883
4.172345 0.001842 0.001842 0.001842
4.196393 0.001803 0.001803 0.001803
4.220441 0.001766 0.001766 0.001766
4.244489 0.001730 0.001730 0.001730
4.268537 0.001695 0.001695 0.001695
4.292585 0.001661 0.001661 0.001661
4.316633 0.001628 0.001628 0.001628
4.340681 0.001597 0.001597 0.001597
4.364729 0.001566 0.001566 0.001566
4.388778 0.001536 0.001536 0.001536
4.412826 0.001508 0.001508 0.001508
4.436874 0.001480 0.001480 0.001480
4.460922 0.001453 0.001453 0.001453
4.484970 0.001427 0.001427 0.001427
4.509018 0.001401 0.001401 0.001401
4.533066 0.001377 0.001377 0.001377
4.557114 0.001353 0.001353 0.001353
4.581162 0.001329 0.001329 0.001329
4.605210 0.001307 0.001307 0.001307
4.629259 0.001285 0.001285 0.001285
4.653307 0.001263 0.001263 0.001263
4.677355 0.001242 0.001242 0.001242
4.701403 0.001222 0.001222 0.001222
4.725451 0.001202 0.001202 0.001202
4.749499 0.001183 0.001183 0.001183
4.773547 0.001165 0.001165 0.001165
4.797595 0.001146 0.001146 0.001146
4.821643 0.001129 0.001129 0.001129
4.845691 0.001111 0.001111 0.001111
4.869739 0.001094 0.001094 0.001094
4.893788 0.001078 0.001078 0.001078
4.917836 0.001062 0.001062 0.001062
4.941884 0.001046 0.001046 0.001046
4.965932 0.001031 0.001031 0.001031
4.989980 0.001016 0.001016 0.001016
5.014028 0.001001 0.001001 0.001001
5.038076 0.000987 0.000987 0.000987
5.062124 0.000973 0.000973 0.000973
5.086172 0.000960 0.000960 0.000960
5.110220 0.000946 0.000946 0.000946
5.134269 0.000933 0.000933 0.000933
5.158317 0.000921 0.000921 0.000921
5.182365 0.000908 0.000908 0.000908
5.206413 0.000896 0.000896 0.000896
5.230461 0.000884 0.000884 0.000884
5.254509 0.000872 0.000872 0.000872
5.278557 0.000861 0.000861 0.000861
5.302605 0.000850 0.000850 0.000850
5.326653 0.000839 0.000839 0.000839
5.350701 0.000828 0.000828 0.000828
5.374749 0.000818 0.000818 0.000818
5.398798 0.000807 0.000807 0.000807
5.422846 0.000797 0.000797 0.000797
5.446894 0.000787 0.000787 0.000787
5.470942 0.000778 0.000778 0.000778
5.494990 0.000768 0.000768 0.000768
5.519038 0.000759 0.000759 0.000759
5.543086 0.000750 0.000750 0.000750
5.567134 0.000741 0.000741 0.000741
5.591182 0.000732 0.000732 0.000732
5.615230 0.000723 0.000723 0.000723
5.639279 0.000715 0.000715 0.000715
5.663327 0.000707 0.000707 0.000707
5.687375 0.000699 0.000699 0.000699
5.711423 0.000691 0.000691 0.000691
5.735471 0.000683 0.000683 0.000683
5.759519 0.000675 0.000675 0.000675
5.783567 0.000667 0.000667 0.000667
5.807615 0.000660 0.000660 0.000660
5.831663 0.000653 0.000653 0.000653
5.855711 0.000645 0.000645 0.000645
5.879760 0.000638 0.000638 0.000638
5.903808 0.000632 0.000632 0.000632
5.927856 0.000625 0.000625 0.000625
5.951904 0.000618 0.000618 0.000618
5.975952 0.000611 0.000611 0.000611
6.000000 0.000605 0.000605 0.000605
